# JRE version: Java(TM) SE Runtime Environment (25.0+37) (build 25+37-LTS-3491)
# Java VM: Java HotSpot(TM) 64-Bit Server VM (25+37-LTS-3491, mixed mode, sharing, tiered, compressed oops, compressed class ptrs, parallel gc, windows-amd64)
GC Precious Log:
 CardTable entry size: 512
 CPUs: 12 total, 12 available
 Memory: 16080M
 Large Page Support: Disabled
 NUMA Support: Disabled
 Compressed Oops: Enabled (32-bit)
 Alignments: Space 512K, Generation 512K, Heap 2M
 Heap Min Capacity: 100M
 Heap Initial Capacity: 100M
 Heap Max Capacity: 2G
 Pre-touch: Disabled
 Parallel Workers: 10
Heap:
 PSYoungGen      total 34304K, used 3145K [0x00000000d5580000, 0x00000000d7c00000, 0x0000000100000000)
  eden space 29184K, 8% used [0x00000000d5580000,0x00000000d57fbb60,0x00000000d7200000)
  from space 5120K, 11% used [0x00000000d7200000,0x00000000d7296b80,0x00000000d7700000)
  to   space 1536K, 0% used [0x00000000d7a80000,0x00000000d7a80000,0x00000000d7c00000)
 ParOldGen       total 877056K, used 877008K [0x0000000080000000, 0x00000000b5880000, 0x00000000d5580000)
  object space 877056K, 99% used [0x0000000080000000,0x00000000b58743b0,0x00000000b5880000)
GC Heap Usage History (20 events):
Event: 1162.502 {heap Before GC invocations=472 (full 4):
 PSYoungGen      total 33280K, used 33267K [0x00000000d5580000, 0x00000000d8380000, 0x0000000100000000)
  eden space 28672K, 100% used [0x00000000d5580000,0x00000000d7180000,0x00000000d7180000)
  from space 4608K, 99% used [0x00000000d7580000,0x00000000d79fccb8,0x00000000d7a00000)
  to   space 9216K, 0% used [0x00000000d7a80000,0x00000000d7a80000,0x00000000d8380000)
 ParOldGen       total 830464K, used 830283K [0x0000000080000000, 0x00000000b2b00000, 0x00000000d558Event: 1162.507 {heap After GC invocations=472 (full 4):
 PSYoungGen      total 31232K, used 9201K [0x00000000d5580000, 0x00000000d9000000, 0x0000000100000000)
  eden space 22016K, 0% used [0x00000000d5580000,0x00000000d5580000,0x00000000d6b00000)
  from space 9216K, 99% used [0x00000000d7a80000,0x00000000d837c730,0x00000000d8380000)
  to   space 15872K, 0% used [0x00000000d6b00000,0x00000000d6b00000,0x00000000d7a80000)
 ParOldGen       total 835584K, used 835334K [0x0000000080000000, 0x00000000b3000000, 0x00000000d558000Event: 1162.667 {heap Before GC invocations=473 (full 4):
 PSYoungGen      total 31232K, used 31217K [0x00000000d5580000, 0x00000000d9000000, 0x0000000100000000)
  eden space 22016K, 100% used [0x00000000d5580000,0x00000000d6b00000,0x00000000d6b00000)
  from space 9216K, 99% used [0x00000000d7a80000,0x00000000d837c730,0x00000000d8380000)
  to   space 15872K, 0% used [0x00000000d6b00000,0x00000000d6b00000,0x00000000d7a80000)
 ParOldGen       total 859136K, used 858374K [0x0000000080000000, 0x00000000b4700000, 0x00000000d55Event: 1162.671 {heap After GC invocations=473 (full 4):
 PSYoungGen      total 26112K, used 3746K [0x00000000d5580000, 0x00000000d7b00000, 0x0000000100000000)
  eden space 22016K, 0% used [0x00000000d5580000,0x00000000d5580000,0x00000000d6b00000)
  from space 4096K, 91% used [0x00000000d6b00000,0x00000000d6ea8818,0x00000000d6f00000)
  to   space 7680K, 0% used [0x00000000d7380000,0x00000000d7380000,0x00000000d7b00000)
 ParOldGen       total 861184K, used 860982K [0x0000000080000000, 0x00000000b4900000, 0x00000000d5580000Event: 1163.173 {heap Before GC invocations=474 (full 4):
 PSYoungGen      total 26112K, used 25762K [0x00000000d5580000, 0x00000000d7b00000, 0x0000000100000000)
  eden space 22016K, 100% used [0x00000000d5580000,0x00000000d6b00000,0x00000000d6b00000)
  from space 4096K, 91% used [0x00000000d6b00000,0x00000000d6ea8818,0x00000000d6f00000)
  to   space 7680K, 0% used [0x00000000d7380000,0x00000000d7380000,0x00000000d7b00000)
 ParOldGen       total 861184K, used 860982K [0x0000000080000000, 0x00000000b4900000, 0x00000000d558Event: 1163.175 {heap After GC invocations=474 (full 4):
 PSYoungGen      total 30720K, used 1311K [0x00000000d5580000, 0x00000000d7680000, 0x0000000100000000)
  eden space 27648K, 0% used [0x00000000d5580000,0x00000000d5580000,0x00000000d7080000)
  from space 3072K, 42% used [0x00000000d7380000,0x00000000d74c7ea8,0x00000000d7680000)
  to   space 3072K, 0% used [0x00000000d7080000,0x00000000d7080000,0x00000000d7380000)
 ParOldGen       total 863232K, used 863016K [0x0000000080000000, 0x00000000b4b00000, 0x00000000d5580000Event: 1163.673 {heap Before GC invocations=475 (full 4):
 PSYoungGen      total 30720K, used 28959K [0x00000000d5580000, 0x00000000d7680000, 0x0000000100000000)
  eden space 27648K, 100% used [0x00000000d5580000,0x00000000d7080000,0x00000000d7080000)
  from space 3072K, 42% used [0x00000000d7380000,0x00000000d74c7ea8,0x00000000d7680000)
  to   space 3072K, 0% used [0x00000000d7080000,0x00000000d7080000,0x00000000d7380000)
 ParOldGen       total 863232K, used 863016K [0x0000000080000000, 0x00000000b4b00000, 0x00000000d558Event: 1163.676 {heap After GC invocations=475 (full 4):
 PSYoungGen      total 30208K, used 3067K [0x00000000d5580000, 0x00000000d8200000, 0x0000000100000000)
  eden space 27136K, 0% used [0x00000000d5580000,0x00000000d5580000,0x00000000d7000000)
  from space 3072K, 99% used [0x00000000d7080000,0x00000000d737edd8,0x00000000d7380000)
  to   space 9216K, 0% used [0x00000000d7900000,0x00000000d7900000,0x00000000d8200000)
 ParOldGen       total 867840K, used 867638K [0x0000000080000000, 0x00000000b4f80000, 0x00000000d5580000Event: 1163.805 {heap Before GC invocations=476 (full 4):
 PSYoungGen      total 30208K, used 29601K [0x00000000d5580000, 0x00000000d8200000, 0x0000000100000000)
  eden space 27136K, 97% used [0x00000000d5580000,0x00000000d6f696d0,0x00000000d7000000)
  from space 3072K, 99% used [0x00000000d7080000,0x00000000d737edd8,0x00000000d7380000)
  to   space 9216K, 0% used [0x00000000d7900000,0x00000000d7900000,0x00000000d8200000)
 ParOldGen       total 867840K, used 867638K [0x0000000080000000, 0x00000000b4f80000, 0x00000000d5580Event: 1163.811 {heap After GC invocations=476 (full 4):
 PSYoungGen      total 35328K, used 9211K [0x00000000d5580000, 0x00000000d8380000, 0x0000000100000000)
  eden space 26112K, 0% used [0x00000000d5580000,0x00000000d5580000,0x00000000d6f00000)
  from space 9216K, 99% used [0x00000000d7900000,0x00000000d81fec88,0x00000000d8200000)
  to   space 10240K, 0% used [0x00000000d6f00000,0x00000000d6f00000,0x00000000d7900000)
 ParOldGen       total 868352K, used 868012K [0x0000000080000000, 0x00000000b5000000, 0x00000000d558000Event: 1164.376 {heap Before GC invocations=477 (full 4):
 PSYoungGen      total 35328K, used 35323K [0x00000000d5580000, 0x00000000d8380000, 0x0000000100000000)
  eden space 26112K, 100% used [0x00000000d5580000,0x00000000d6f00000,0x00000000d6f00000)
  from space 9216K, 99% used [0x00000000d7900000,0x00000000d81fec88,0x00000000d8200000)
  to   space 10240K, 0% used [0x00000000d6f00000,0x00000000d6f00000,0x00000000d7900000)
 ParOldGen       total 868352K, used 868012K [0x0000000080000000, 0x00000000b5000000, 0x00000000d55Event: 1164.379 {heap After GC invocations=477 (full 4):
 PSYoungGen      total 26624K, used 436K [0x00000000d5580000, 0x00000000d7980000, 0x0000000100000000)
  eden space 26112K, 0% used [0x00000000d5580000,0x00000000d5580000,0x00000000d6f00000)
  from space 512K, 85% used [0x00000000d6f00000,0x00000000d6f6d200,0x00000000d6f80000)
  to   space 4096K, 0% used [0x00000000d7580000,0x00000000d7580000,0x00000000d7980000)
 ParOldGen       total 869376K, used 869206K [0x0000000080000000, 0x00000000b5100000, 0x00000000d5580000)
Event: 1164.699 {heap Before GC invocations=478 (full 4):
 PSYoungGen      total 26624K, used 26548K [0x00000000d5580000, 0x00000000d7980000, 0x0000000100000000)
  eden space 26112K, 100% used [0x00000000d5580000,0x00000000d6f00000,0x00000000d6f00000)
  from space 512K, 85% used [0x00000000d6f00000,0x00000000d6f6d200,0x00000000d6f80000)
  to   space 4096K, 0% used [0x00000000d7580000,0x00000000d7580000,0x00000000d7980000)
 ParOldGen       total 869376K, used 869206K [0x0000000080000000, 0x00000000b5100000, 0x00000000d5580Event: 1164.701 {heap After GC invocations=478 (full 4):
 PSYoungGen      total 29696K, used 4092K [0x00000000d5580000, 0x00000000d7c80000, 0x0000000100000000)
  eden space 25600K, 0% used [0x00000000d5580000,0x00000000d5580000,0x00000000d6e80000)
  from space 4096K, 99% used [0x00000000d7580000,0x00000000d797f020,0x00000000d7980000)
  to   space 7168K, 0% used [0x00000000d6e80000,0x00000000d6e80000,0x00000000d7580000)
 ParOldGen       total 871424K, used 871187K [0x0000000080000000, 0x00000000b5300000, 0x00000000d5580000Event: 1182.012 {heap Before GC invocations=479 (full 4):
 PSYoungGen      total 29696K, used 29692K [0x00000000d5580000, 0x00000000d7c80000, 0x0000000100000000)
  eden space 25600K, 100% used [0x00000000d5580000,0x00000000d6e80000,0x00000000d6e80000)
  from space 4096K, 99% used [0x00000000d7580000,0x00000000d797f020,0x00000000d7980000)
  to   space 7168K, 0% used [0x00000000d6e80000,0x00000000d6e80000,0x00000000d7580000)
 ParOldGen       total 871424K, used 871187K [0x0000000080000000, 0x00000000b5300000, 0x00000000d558Event: 1182.019 {heap After GC invocations=479 (full 4):
 PSYoungGen      total 32256K, used 7160K [0x00000000d5580000, 0x00000000d8900000, 0x0000000100000000)
  eden space 25088K, 0% used [0x00000000d5580000,0x00000000d5580000,0x00000000d6e00000)
  from space 7168K, 99% used [0x00000000d6e80000,0x00000000d757e040,0x00000000d7580000)
  to   space 13824K, 0% used [0x00000000d7b80000,0x00000000d7b80000,0x00000000d8900000)
 ParOldGen       total 876544K, used 876491K [0x0000000080000000, 0x00000000b5800000, 0x00000000d558000Event: 1182.784 {heap Before GC invocations=480 (full 4):
 PSYoungGen      total 32256K, used 32248K [0x00000000d5580000, 0x00000000d8900000, 0x0000000100000000)
  eden space 25088K, 100% used [0x00000000d5580000,0x00000000d6e00000,0x00000000d6e00000)
  from space 7168K, 99% used [0x00000000d6e80000,0x00000000d757e040,0x00000000d7580000)
  to   space 13824K, 0% used [0x00000000d7b80000,0x00000000d7b80000,0x00000000d8900000)
 ParOldGen       total 876544K, used 876491K [0x0000000080000000, 0x00000000b5800000, 0x00000000d55Event: 1182.785 {heap After GC invocations=480 (full 4):
 PSYoungGen      total 25088K, used 416K [0x00000000d5580000, 0x00000000d7c00000, 0x0000000100000000)
  eden space 24576K, 0% used [0x00000000d5580000,0x00000000d5580000,0x00000000d6d80000)
  from space 512K, 81% used [0x00000000d7b80000,0x00000000d7be8000,0x00000000d7c00000)
  to   space 5120K, 0% used [0x00000000d7200000,0x00000000d7200000,0x00000000d7700000)
 ParOldGen       total 877056K, used 876755K [0x0000000080000000, 0x00000000b5880000, 0x00000000d5580000)
Event: 1182.833 {heap Before GC invocations=481 (full 4):
 PSYoungGen      total 25088K, used 24992K [0x00000000d5580000, 0x00000000d7c00000, 0x0000000100000000)
  eden space 24576K, 100% used [0x00000000d5580000,0x00000000d6d80000,0x00000000d6d80000)
  from space 512K, 81% used [0x00000000d7b80000,0x00000000d7be8000,0x00000000d7c00000)
  to   space 5120K, 0% used [0x00000000d7200000,0x00000000d7200000,0x00000000d7700000)
 ParOldGen       total 877056K, used 876755K [0x0000000080000000, 0x00000000b5880000, 0x00000000d5580Event: 1182.835 {heap After GC invocations=481 (full 4):
 PSYoungGen      total 34304K, used 602K [0x00000000d5580000, 0x00000000d7c00000, 0x0000000100000000)
  eden space 29184K, 0% used [0x00000000d5580000,0x00000000d5580000,0x00000000d7200000)
  from space 5120K, 11% used [0x00000000d7200000,0x00000000d7296b80,0x00000000d7700000)
  to   space 1536K, 0% used [0x00000000d7a80000,0x00000000d7a80000,0x00000000d7c00000)
 ParOldGen       total 877056K, used 877008K [0x0000000080000000, 0x00000000b5880000, 0x00000000d5580000)
Metaspace Usage History (20 events):
Event: 1162.502 {metaspace Before GC invocations=472 (full 4):
 Metaspace       used 84933K, committed 86592K, reserved 1179648K
  class space    used 7358K, committed 8064K, reserved 1048576K
}
Event: 1162.507 {metaspace After GC invocations=472 (full 4):
 Metaspace       used 84933K, committed 86592K, reserved 1179648K
  class space    used 7358K, committed 8064K, reserved 1048576K
}
Event: 1162.667 {metaspace Before GC invocations=473 (full 4):
 Metaspace       used 84938K, committed 86592K, reserved 1179648K
  class space    used 7358K, committed 8064K, reserved 1048576K
}
Event: 1162.671 {metaspace After GC invocations=473 (full 4):
 Metaspace       used 84938K, committed 86592K, reserved 1179648K
  class space    used 7358K, committed 8064K, reserved 1048576K
}
Event: 1163.173 {metaspace Before GC invocations=474 (full 4):
 Metaspace       used 84942K, committed 86592K, reserved 1179648K
  class space    used 7358K, committed 8064K, reserved 1048576K
}
Event: 1163.175 {metaspace After GC invocations=474 (full 4):
 Metaspace       used 84942K, committed 86592K, reserved 1179648K
  class space    used 7358K, committed 8064K, reserved 1048576K
}
Event: 1163.674 {metaspace Before GC invocations=475 (full 4):
 Metaspace       used 84942K, committed 86592K, reserved 1179648K
  class space    used 7358K, committed 8064K, reserved 1048576K
}
Event: 1163.676 {metaspace After GC invocations=475 (full 4):
 Metaspace       used 84942K, committed 86592K, reserved 1179648K
  class space    used 7358K, committed 8064K, reserved 1048576K
}
Event: 1163.805 {metaspace Before GC invocations=476 (full 4):
 Metaspace       used 84943K, committed 86592K, reserved 1179648K
  class space    used 7358K, committed 8064K, reserved 1048576K
}
Event: 1163.811 {metaspace After GC invocations=476 (full 4):
 Metaspace       used 84943K, committed 86592K, reserved 1179648K
  class space    used 7358K, committed 8064K, reserved 1048576K
}
Event: 1164.376 {metaspace Before GC invocations=477 (full 4):
 Metaspace       used 84955K, committed 86592K, reserved 1179648K
  class space    used 7358K, committed 8064K, reserved 1048576K
}
Event: 1164.379 {metaspace After GC invocations=477 (full 4):
 Metaspace       used 84955K, committed 86592K, reserved 1179648K
  class space    used 7358K, committed 8064K, reserved 1048576K
}
Event: 1164.699 {metaspace Before GC invocations=478 (full 4):
 Metaspace       used 84955K, committed 86592K, reserved 1179648K
  class space    used 7358K, committed 8064K, reserved 1048576K
}
Event: 1164.701 {metaspace After GC invocations=478 (full 4):
 Metaspace       used 84955K, committed 86592K, reserved 1179648K
  class space    used 7358K, committed 8064K, reserved 1048576K
}
Event: 1182.012 {metaspace Before GC invocations=479 (full 4):
 Metaspace       used 85235K, committed 86848K, reserved 1179648K
  class space    used 7399K, committed 8128K, reserved 1048576K
}
Event: 1182.019 {metaspace After GC invocations=479 (full 4):
 Metaspace       used 85235K, committed 86848K, reserved 1179648K
  class space    used 7399K, committed 8128K, reserved 1048576K
}
Event: 1182.784 {metaspace Before GC invocations=480 (full 4):
 Metaspace       used 85739K, committed 87488K, reserved 1179648K
  class space    used 7482K, committed 8256K, reserved 1048576K
}
Event: 1182.785 {metaspace After GC invocations=480 (full 4):
 Metaspace       used 85739K, committed 87488K, reserved 1179648K
  class space    used 7482K, committed 8256K, reserved 1048576K
}
Event: 1182.833 {metaspace Before GC invocations=481 (full 4):
 Metaspace       used 86174K, committed 88256K, reserved 1179648K
  class space    used 7603K, committed 8512K, reserved 1048576K
}
Event: 1182.835 {metaspace After GC invocations=481 (full 4):
 Metaspace       used 86174K, committed 88256K, reserved 1179648K
  class space    used 7603K, committed 8512K, reserved 1048576K
}

