# JRE version: Java(TM) SE Runtime Environment (25.0+37) (build 25+37-LTS-3491)
# Java VM: Java HotSpot(TM) 64-Bit Server VM (25+37-LTS-3491, mixed mode, sharing, tiered, compressed oops, compressed class ptrs, parallel gc, windows-amd64)
GC Precious Log:
 CardTable entry size: 512
 CPUs: 12 total, 12 available
 Memory: 16080M
 Large Page Support: Disabled
 NUMA Support: Disabled
 Compressed Oops: Enabled (32-bit)
 Alignments: Space 512K, Generation 512K, Heap 2M
 Heap Min Capacity: 100M
 Heap Initial Capacity: 100M
 Heap Max Capacity: 2G
 Pre-touch: Disabled
 Parallel Workers: 10
Heap:
 PSYoungGen      total 34816K, used 29260K [0x00000000d5580000, 0x00000000d8d00000, 0x0000000100000000)
  eden space 25600K, 80% used [0x00000000d5580000,0x00000000d6988500,0x00000000d6e80000)
  from space 9216K, 94% used [0x00000000d8400000,0x00000000d8c8ad40,0x00000000d8d00000)
  to   space 12288K, 0% used [0x00000000d7500000,0x00000000d7500000,0x00000000d8100000)
 ParOldGen       total 997376K, used 997195K [0x0000000080000000, 0x00000000bce00000, 0x00000000d5580000)
  object space 997376K, 99% used [0x0000000080000000,0x00000000bcdd2cb0,0x00000000bce00000)
GC Heap Usage History (20 events):
Event: 2057.802 {heap Before GC invocations=2836 (full 8):
 PSYoungGen      total 35328K, used 34946K [0x00000000d5580000, 0x00000000d8880000, 0x0000000100000000)
  eden space 33280K, 100% used [0x00000000d5580000,0x00000000d7600000,0x00000000d7600000)
  from space 2048K, 81% used [0x00000000d8680000,0x00000000d8820b70,0x00000000d8880000)
  to   space 4608K, 0% used [0x00000000d7f80000,0x00000000d7f80000,0x00000000d8400000)
 ParOldGen       total 945152K, used 944844K [0x0000000080000000, 0x00000000b9b00000, 0x00000000d55Event: 2057.813 {heap After GC invocations=2836 (full 8):
 PSYoungGen      total 37376K, used 964K [0x00000000d5580000, 0x00000000d8700000, 0x0000000100000000)
  eden space 32768K, 0% used [0x00000000d5580000,0x00000000d5580000,0x00000000d7580000)
  from space 4608K, 20% used [0x00000000d7f80000,0x00000000d8071210,0x00000000d8400000)
  to   space 2048K, 0% used [0x00000000d8500000,0x00000000d8500000,0x00000000d8700000)
 ParOldGen       total 946688K, used 946224K [0x0000000080000000, 0x00000000b9c80000, 0x00000000d5580000Event: 2059.947 {heap Before GC invocations=2837 (full 8):
 PSYoungGen      total 37376K, used 33732K [0x00000000d5580000, 0x00000000d8700000, 0x0000000100000000)
  eden space 32768K, 100% used [0x00000000d5580000,0x00000000d7580000,0x00000000d7580000)
  from space 4608K, 20% used [0x00000000d7f80000,0x00000000d8071210,0x00000000d8400000)
  to   space 2048K, 0% used [0x00000000d8500000,0x00000000d8500000,0x00000000d8700000)
 ParOldGen       total 946688K, used 946224K [0x0000000080000000, 0x00000000b9c80000, 0x00000000d55Event: 2059.949 {heap After GC invocations=2837 (full 8):
 PSYoungGen      total 33280K, used 698K [0x00000000d5580000, 0x00000000d8600000, 0x0000000100000000)
  eden space 32256K, 0% used [0x00000000d5580000,0x00000000d5580000,0x00000000d7500000)
  from space 1024K, 68% used [0x00000000d8500000,0x00000000d85ae920,0x00000000d8600000)
  to   space 1024K, 0% used [0x00000000d8400000,0x00000000d8400000,0x00000000d8500000)
 ParOldGen       total 946688K, used 946320K [0x0000000080000000, 0x00000000b9c80000, 0x00000000d5580000Event: 2064.787 {heap Before GC invocations=2838 (full 8):
 PSYoungGen      total 33280K, used 32886K [0x00000000d5580000, 0x00000000d8600000, 0x0000000100000000)
  eden space 32256K, 99% used [0x00000000d5580000,0x00000000d74ef000,0x00000000d7500000)
  from space 1024K, 68% used [0x00000000d8500000,0x00000000d85ae920,0x00000000d8600000)
  to   space 1024K, 0% used [0x00000000d8400000,0x00000000d8400000,0x00000000d8500000)
 ParOldGen       total 946688K, used 946320K [0x0000000080000000, 0x00000000b9c80000, 0x00000000d558Event: 2064.793 {heap After GC invocations=2838 (full 8):
 PSYoungGen      total 32768K, used 995K [0x00000000d5580000, 0x00000000d8580000, 0x0000000100000000)
  eden space 31744K, 0% used [0x00000000d5580000,0x00000000d5580000,0x00000000d7480000)
  from space 1024K, 97% used [0x00000000d8400000,0x00000000d84f8f18,0x00000000d8500000)
  to   space 512K, 0% used [0x00000000d8500000,0x00000000d8500000,0x00000000d8580000)
 ParOldGen       total 951808K, used 951790K [0x0000000080000000, 0x00000000ba180000, 0x00000000d5580000)Event: 2064.838 {heap Before GC invocations=2839 (full 8):
 PSYoungGen      total 32768K, used 32528K [0x00000000d5580000, 0x00000000d8580000, 0x0000000100000000)
  eden space 31744K, 99% used [0x00000000d5580000,0x00000000d744b458,0x00000000d7480000)
  from space 1024K, 97% used [0x00000000d8400000,0x00000000d84f8f18,0x00000000d8500000)
  to   space 512K, 0% used [0x00000000d8500000,0x00000000d8500000,0x00000000d8580000)
 ParOldGen       total 951808K, used 951790K [0x0000000080000000, 0x00000000ba180000, 0x00000000d5580Event: 2064.845 {heap After GC invocations=2839 (full 8):
 PSYoungGen      total 17408K, used 480K [0x00000000d5580000, 0x00000000db200000, 0x0000000100000000)
  eden space 16896K, 0% used [0x00000000d5580000,0x00000000d5580000,0x00000000d6600000)
  from space 512K, 93% used [0x00000000d8500000,0x00000000d8578010,0x00000000d8580000)
  to   space 31744K, 0% used [0x00000000d6600000,0x00000000d6600000,0x00000000d8500000)
 ParOldGen       total 979456K, used 978924K [0x0000000080000000, 0x00000000bbc80000, 0x00000000d5580000Event: 2064.969 {heap Before GC invocations=2840 (full 8):
 PSYoungGen      total 17408K, used 17376K [0x00000000d5580000, 0x00000000db200000, 0x0000000100000000)
  eden space 16896K, 100% used [0x00000000d5580000,0x00000000d6600000,0x00000000d6600000)
  from space 512K, 93% used [0x00000000d8500000,0x00000000d8578010,0x00000000d8580000)
  to   space 31744K, 0% used [0x00000000d6600000,0x00000000d6600000,0x00000000d8500000)
 ParOldGen       total 979456K, used 978924K [0x0000000080000000, 0x00000000bbc80000, 0x00000000d55Event: 2064.973 {heap After GC invocations=2840 (full 8):
 PSYoungGen      total 17920K, used 888K [0x00000000d5580000, 0x00000000d8580000, 0x0000000100000000)
  eden space 16896K, 0% used [0x00000000d5580000,0x00000000d5580000,0x00000000d6600000)
  from space 1024K, 86% used [0x00000000d6600000,0x00000000d66de1d8,0x00000000d6700000)
  to   space 10752K, 0% used [0x00000000d7b00000,0x00000000d7b00000,0x00000000d8580000)
 ParOldGen       total 979456K, used 979436K [0x0000000080000000, 0x00000000bbc80000, 0x00000000d558000Event: 2065.014 {heap Before GC invocations=2841 (full 8):
 PSYoungGen      total 17920K, used 17784K [0x00000000d5580000, 0x00000000d8580000, 0x0000000100000000)
  eden space 16896K, 100% used [0x00000000d5580000,0x00000000d6600000,0x00000000d6600000)
  from space 1024K, 86% used [0x00000000d6600000,0x00000000d66de1d8,0x00000000d6700000)
  to   space 10752K, 0% used [0x00000000d7b00000,0x00000000d7b00000,0x00000000d8580000)
 ParOldGen       total 979456K, used 979436K [0x0000000080000000, 0x00000000bbc80000, 0x00000000d5Event: 2065.019 {heap After GC invocations=2841 (full 8):
 PSYoungGen      total 26624K, used 9279K [0x00000000d5580000, 0x00000000d8480000, 0x0000000100000000)
  eden space 16896K, 0% used [0x00000000d5580000,0x00000000d5580000,0x00000000d6600000)
  from space 9728K, 95% used [0x00000000d7b00000,0x00000000d840fe48,0x00000000d8480000)
  to   space 11264K, 0% used [0x00000000d6e80000,0x00000000d6e80000,0x00000000d7980000)
 ParOldGen       total 980480K, used 980099K [0x0000000080000000, 0x00000000bbd80000, 0x00000000d55800Event: 2065.118 {heap Before GC invocations=2842 (full 8):
 PSYoungGen      total 26624K, used 26175K [0x00000000d5580000, 0x00000000d8480000, 0x0000000100000000)
  eden space 16896K, 100% used [0x00000000d5580000,0x00000000d6600000,0x00000000d6600000)
  from space 9728K, 95% used [0x00000000d7b00000,0x00000000d840fe48,0x00000000d8480000)
  to   space 11264K, 0% used [0x00000000d6e80000,0x00000000d6e80000,0x00000000d7980000)
 ParOldGen       total 980480K, used 980099K [0x0000000080000000, 0x00000000bbd80000, 0x00000000d5Event: 2065.141 {heap After GC invocations=2842 (full 8):
 PSYoungGen      total 32256K, used 6525K [0x00000000d5580000, 0x00000000d7b80000, 0x0000000100000000)
  eden space 25600K, 0% used [0x00000000d5580000,0x00000000d5580000,0x00000000d6e80000)
  from space 6656K, 98% used [0x00000000d6e80000,0x00000000d74df5b8,0x00000000d7500000)
  to   space 6656K, 0% used [0x00000000d7500000,0x00000000d7500000,0x00000000d7b80000)
 ParOldGen       total 982528K, used 982291K [0x0000000080000000, 0x00000000bbf80000, 0x00000000d558000Event: 2065.388 {heap Before GC invocations=2843 (full 8):
 PSYoungGen      total 32256K, used 32125K [0x00000000d5580000, 0x00000000d7b80000, 0x0000000100000000)
  eden space 25600K, 100% used [0x00000000d5580000,0x00000000d6e80000,0x00000000d6e80000)
  from space 6656K, 98% used [0x00000000d6e80000,0x00000000d74df5b8,0x00000000d7500000)
  to   space 6656K, 0% used [0x00000000d7500000,0x00000000d7500000,0x00000000d7b80000)
 ParOldGen       total 982528K, used 982291K [0x0000000080000000, 0x00000000bbf80000, 0x00000000d55Event: 2065.391 {heap After GC invocations=2843 (full 8):
 PSYoungGen      total 28160K, used 1012K [0x00000000d5580000, 0x00000000d7680000, 0x0000000100000000)
  eden space 26624K, 0% used [0x00000000d5580000,0x00000000d5580000,0x00000000d6f80000)
  from space 1536K, 65% used [0x00000000d7500000,0x00000000d75fd2a8,0x00000000d7680000)
  to   space 3584K, 0% used [0x00000000d6f80000,0x00000000d6f80000,0x00000000d7300000)
 ParOldGen       total 982528K, used 982499K [0x0000000080000000, 0x00000000bbf80000, 0x00000000d558000Event: 2085.330 {heap Before GC invocations=2844 (full 8):
 PSYoungGen      total 28160K, used 26831K [0x00000000d5580000, 0x00000000d7680000, 0x0000000100000000)
  eden space 26624K, 96% used [0x00000000d5580000,0x00000000d6eb6be8,0x00000000d6f80000)
  from space 1536K, 65% used [0x00000000d7500000,0x00000000d75fd2a8,0x00000000d7680000)
  to   space 3584K, 0% used [0x00000000d6f80000,0x00000000d6f80000,0x00000000d7300000)
 ParOldGen       total 982528K, used 982499K [0x0000000080000000, 0x00000000bbf80000, 0x00000000d558Event: 2085.340 {heap After GC invocations=2844 (full 8):
 PSYoungGen      total 29696K, used 3556K [0x00000000d5580000, 0x00000000d9900000, 0x0000000100000000)
  eden space 26112K, 0% used [0x00000000d5580000,0x00000000d5580000,0x00000000d6f00000)
  from space 3584K, 99% used [0x00000000d6f80000,0x00000000d72f9040,0x00000000d7300000)
  to   space 21504K, 0% used [0x00000000d8400000,0x00000000d8400000,0x00000000d9900000)
 ParOldGen       total 997376K, used 997027K [0x0000000080000000, 0x00000000bce00000, 0x00000000d55800Event: 2086.053 {heap Before GC invocations=2845 (full 8):
 PSYoungGen      total 29696K, used 29660K [0x00000000d5580000, 0x00000000d9900000, 0x0000000100000000)
  eden space 26112K, 99% used [0x00000000d5580000,0x00000000d6efdff0,0x00000000d6f00000)
  from space 3584K, 99% used [0x00000000d6f80000,0x00000000d72f9040,0x00000000d7300000)
  to   space 21504K, 0% used [0x00000000d8400000,0x00000000d8400000,0x00000000d9900000)
 ParOldGen       total 997376K, used 997027K [0x0000000080000000, 0x00000000bce00000, 0x00000000d55Event: 2086.058 {heap After GC invocations=2845 (full 8):
 PSYoungGen      total 34816K, used 8747K [0x00000000d5580000, 0x00000000d8d00000, 0x0000000100000000)
  eden space 25600K, 0% used [0x00000000d5580000,0x00000000d5580000,0x00000000d6e80000)
  from space 9216K, 94% used [0x00000000d8400000,0x00000000d8c8ad40,0x00000000d8d00000)
  to   space 12288K, 0% used [0x00000000d7500000,0x00000000d7500000,0x00000000d8100000)
 ParOldGen       total 997376K, used 997195K [0x0000000080000000, 0x00000000bce00000, 0x00000000d55800
Metaspace Usage History (20 events):
Event: 2057.802 {metaspace Before GC invocations=2836 (full 8):
 Metaspace       used 88143K, committed 89792K, reserved 1179648K
  class space    used 7482K, committed 8256K, reserved 1048576K
}
Event: 2057.813 {metaspace After GC invocations=2836 (full 8):
 Metaspace       used 88143K, committed 89792K, reserved 1179648K
  class space    used 7482K, committed 8256K, reserved 1048576K
}
Event: 2059.947 {metaspace Before GC invocations=2837 (full 8):
 Metaspace       used 88143K, committed 89792K, reserved 1179648K
  class space    used 7482K, committed 8256K, reserved 1048576K
}
Event: 2059.949 {metaspace After GC invocations=2837 (full 8):
 Metaspace       used 88143K, committed 89792K, reserved 1179648K
  class space    used 7482K, committed 8256K, reserved 1048576K
}
Event: 2064.787 {metaspace Before GC invocations=2838 (full 8):
 Metaspace       used 88144K, committed 89792K, reserved 1179648K
  class space    used 7482K, committed 8256K, reserved 1048576K
}
Event: 2064.793 {metaspace After GC invocations=2838 (full 8):
 Metaspace       used 88144K, committed 89792K, reserved 1179648K
  class space    used 7482K, committed 8256K, reserved 1048576K
}
Event: 2064.838 {metaspace Before GC invocations=2839 (full 8):
 Metaspace       used 88144K, committed 89792K, reserved 1179648K
  class space    used 7482K, committed 8256K, reserved 1048576K
}
Event: 2064.845 {metaspace After GC invocations=2839 (full 8):
 Metaspace       used 88144K, committed 89792K, reserved 1179648K
  class space    used 7482K, committed 8256K, reserved 1048576K
}
Event: 2064.969 {metaspace Before GC invocations=2840 (full 8):
 Metaspace       used 88147K, committed 89792K, reserved 1179648K
  class space    used 7482K, committed 8256K, reserved 1048576K
}
Event: 2064.973 {metaspace After GC invocations=2840 (full 8):
 Metaspace       used 88147K, committed 89792K, reserved 1179648K
  class space    used 7482K, committed 8256K, reserved 1048576K
}
Event: 2065.014 {metaspace Before GC invocations=2841 (full 8):
 Metaspace       used 88147K, committed 89792K, reserved 1179648K
  class space    used 7482K, committed 8256K, reserved 1048576K
}
Event: 2065.019 {metaspace After GC invocations=2841 (full 8):
 Metaspace       used 88147K, committed 89792K, reserved 1179648K
  class space    used 7482K, committed 8256K, reserved 1048576K
}
Event: 2065.118 {metaspace Before GC invocations=2842 (full 8):
 Metaspace       used 88147K, committed 89792K, reserved 1179648K
  class space    used 7482K, committed 8256K, reserved 1048576K
}
Event: 2065.141 {metaspace After GC invocations=2842 (full 8):
 Metaspace       used 88147K, committed 89792K, reserved 1179648K
  class space    used 7482K, committed 8256K, reserved 1048576K
}
Event: 2065.388 {metaspace Before GC invocations=2843 (full 8):
 Metaspace       used 88148K, committed 89792K, reserved 1179648K
  class space    used 7482K, committed 8256K, reserved 1048576K
}
Event: 2065.391 {metaspace After GC invocations=2843 (full 8):
 Metaspace       used 88148K, committed 89792K, reserved 1179648K
  class space    used 7482K, committed 8256K, reserved 1048576K
}
Event: 2085.330 {metaspace Before GC invocations=2844 (full 8):
 Metaspace       used 88444K, committed 90112K, reserved 1179648K
  class space    used 7523K, committed 8320K, reserved 1048576K
}
Event: 2085.341 {metaspace After GC invocations=2844 (full 8):
 Metaspace       used 88444K, committed 90112K, reserved 1179648K
  class space    used 7523K, committed 8320K, reserved 1048576K
}
Event: 2086.053 {metaspace Before GC invocations=2845 (full 8):
 Metaspace       used 88960K, committed 90752K, reserved 1179648K
  class space    used 7610K, committed 8448K, reserved 1048576K
}
Event: 2086.058 {metaspace After GC invocations=2845 (full 8):
 Metaspace       used 88960K, committed 90752K, reserved 1179648K
  class space    used 7610K, committed 8448K, reserved 1048576K
}

