# JRE version: Java(TM) SE Runtime Environment (25.0+37) (build 25+37-LTS-3491)
# Java VM: Java HotSpot(TM) 64-Bit Server VM (25+37-LTS-3491, mixed mode, sharing, tiered, compressed oops, compressed class ptrs, parallel gc, windows-amd64)
GC Precious Log:
 CardTable entry size: 512
 CPUs: 12 total, 12 available
 Memory: 16080M
 Large Page Support: Disabled
 NUMA Support: Disabled
 Compressed Oops: Enabled (32-bit)
 Alignments: Space 512K, Generation 512K, Heap 2M
 Heap Min Capacity: 100M
 Heap Initial Capacity: 100M
 Heap Max Capacity: 2G
 Pre-touch: Disabled
 Parallel Workers: 10
Heap:
 PSYoungGen      total 26112K, used 18476K [0x00000000d5580000, 0x00000000d7680000, 0x0000000100000000)
  eden space 23552K, 72% used [0x00000000d5580000,0x00000000d6630bf0,0x00000000d6c80000)
  from space 2560K, 54% used [0x00000000d7400000,0x00000000d755a6a0,0x00000000d7680000)
  to   space 5120K, 0% used [0x00000000d6c80000,0x00000000d6c80000,0x00000000d7180000)
 ParOldGen       total 1076224K, used 1075923K [0x0000000080000000, 0x00000000c1b00000, 0x00000000d5580000)
  object space 1076224K, 99% used [0x0000000080000000,0x00000000c1ab4c90,0x00000000c1b00000)
GC Heap Usage History (20 events):
Event: 2956.915 {heap Before GC invocations=1534 (full 6):
 PSYoungGen      total 30720K, used 30565K [0x00000000d5580000, 0x00000000d7c80000, 0x0000000100000000)
  eden space 28672K, 100% used [0x00000000d5580000,0x00000000d7180000,0x00000000d7180000)
  from space 2048K, 92% used [0x00000000d7a80000,0x00000000d7c59740,0x00000000d7c80000)
  to   space 4096K, 0% used [0x00000000d7480000,0x00000000d7480000,0x00000000d7880000)
 ParOldGen       total 1001984K, used 1001702K [0x0000000080000000, 0x00000000bd280000, 0x00000000dEvent: 2956.917 {heap After GC invocations=1534 (full 6):
 PSYoungGen      total 32256K, used 3877K [0x00000000d5580000, 0x00000000d7b00000, 0x0000000100000000)
  eden space 28160K, 0% used [0x00000000d5580000,0x00000000d5580000,0x00000000d7100000)
  from space 4096K, 94% used [0x00000000d7480000,0x00000000d7849740,0x00000000d7880000)
  to   space 2560K, 0% used [0x00000000d7880000,0x00000000d7880000,0x00000000d7b00000)
 ParOldGen       total 1001984K, used 1001750K [0x0000000080000000, 0x00000000bd280000, 0x00000000d5580Event: 2958.158 {heap Before GC invocations=1535 (full 6):
 PSYoungGen      total 32256K, used 32037K [0x00000000d5580000, 0x00000000d7b00000, 0x0000000100000000)
  eden space 28160K, 100% used [0x00000000d5580000,0x00000000d7100000,0x00000000d7100000)
  from space 4096K, 94% used [0x00000000d7480000,0x00000000d7849740,0x00000000d7880000)
  to   space 2560K, 0% used [0x00000000d7880000,0x00000000d7880000,0x00000000d7b00000)
 ParOldGen       total 1001984K, used 1001750K [0x0000000080000000, 0x00000000bd280000, 0x00000000dEvent: 2958.165 {heap After GC invocations=1535 (full 6):
 PSYoungGen      total 18944K, used 2544K [0x00000000d5580000, 0x00000000d9680000, 0x0000000100000000)
  eden space 16384K, 0% used [0x00000000d5580000,0x00000000d5580000,0x00000000d6580000)
  from space 2560K, 99% used [0x00000000d7880000,0x00000000d7afc050,0x00000000d7b00000)
  to   space 19456K, 0% used [0x00000000d6580000,0x00000000d6580000,0x00000000d7880000)
 ParOldGen       total 1016320K, used 1016080K [0x0000000080000000, 0x00000000be080000, 0x00000000d558Event: 2958.293 {heap Before GC invocations=1536 (full 6):
 PSYoungGen      total 18944K, used 18928K [0x00000000d5580000, 0x00000000d9680000, 0x0000000100000000)
  eden space 16384K, 100% used [0x00000000d5580000,0x00000000d6580000,0x00000000d6580000)
  from space 2560K, 99% used [0x00000000d7880000,0x00000000d7afc050,0x00000000d7b00000)
  to   space 19456K, 0% used [0x00000000d6580000,0x00000000d6580000,0x00000000d7880000)
 ParOldGen       total 1016320K, used 1016080K [0x0000000080000000, 0x00000000be080000, 0x00000000Event: 2958.317 {heap After GC invocations=1536 (full 6):
 PSYoungGen      total 27136K, used 10287K [0x00000000d5580000, 0x00000000d7e80000, 0x0000000100000000)
  eden space 16384K, 0% used [0x00000000d5580000,0x00000000d5580000,0x00000000d6580000)
  from space 10752K, 95% used [0x00000000d6580000,0x00000000d6f8bed8,0x00000000d7000000)
  to   space 12800K, 0% used [0x00000000d7200000,0x00000000d7200000,0x00000000d7e80000)
 ParOldGen       total 1017856K, used 1017537K [0x0000000080000000, 0x00000000be200000, 0x00000000d5Event: 2958.410 {heap Before GC invocations=1537 (full 6):
 PSYoungGen      total 27136K, used 26671K [0x00000000d5580000, 0x00000000d7e80000, 0x0000000100000000)
  eden space 16384K, 100% used [0x00000000d5580000,0x00000000d6580000,0x00000000d6580000)
  from space 10752K, 95% used [0x00000000d6580000,0x00000000d6f8bed8,0x00000000d7000000)
  to   space 12800K, 0% used [0x00000000d7200000,0x00000000d7200000,0x00000000d7e80000)
 ParOldGen       total 1017856K, used 1017537K [0x0000000080000000, 0x00000000be200000, 0x0000000Event: 2958.436 {heap After GC invocations=1537 (full 6):
 PSYoungGen      total 27648K, used 10902K [0x00000000d5580000, 0x00000000d7d00000, 0x0000000100000000)
  eden space 16384K, 0% used [0x00000000d5580000,0x00000000d5580000,0x00000000d6580000)
  from space 11264K, 96% used [0x00000000d7200000,0x00000000d7ca5970,0x00000000d7d00000)
  to   space 11264K, 0% used [0x00000000d6700000,0x00000000d6700000,0x00000000d7200000)
 ParOldGen       total 1028096K, used 1027616K [0x0000000080000000, 0x00000000bec00000, 0x00000000d5Event: 2959.168 {heap Before GC invocations=1538 (full 6):
 PSYoungGen      total 27648K, used 27286K [0x00000000d5580000, 0x00000000d7d00000, 0x0000000100000000)
  eden space 16384K, 100% used [0x00000000d5580000,0x00000000d6580000,0x00000000d6580000)
  from space 11264K, 96% used [0x00000000d7200000,0x00000000d7ca5970,0x00000000d7d00000)
  to   space 11264K, 0% used [0x00000000d6700000,0x00000000d6700000,0x00000000d7200000)
 ParOldGen       total 1051648K, used 1050656K [0x0000000080000000, 0x00000000c0300000, 0x0000000Event: 2959.188 {heap After GC invocations=1538 (full 6):
 PSYoungGen      total 29184K, used 474K [0x00000000d5580000, 0x00000000d7680000, 0x0000000100000000)
  eden space 17920K, 0% used [0x00000000d5580000,0x00000000d5580000,0x00000000d6700000)
  from space 11264K, 4% used [0x00000000d6700000,0x00000000d6776900,0x00000000d7200000)
  to   space 4608K, 0% used [0x00000000d7200000,0x00000000d7200000,0x00000000d7680000)
 ParOldGen       total 1057792K, used 1057691K [0x0000000080000000, 0x00000000c0900000, 0x00000000d55800Event: 2959.281 {heap Before GC invocations=1539 (full 6):
 PSYoungGen      total 29184K, used 18394K [0x00000000d5580000, 0x00000000d7680000, 0x0000000100000000)
  eden space 17920K, 99% used [0x00000000d5580000,0x00000000d66fffe8,0x00000000d6700000)
  from space 11264K, 4% used [0x00000000d6700000,0x00000000d6776900,0x00000000d7200000)
  to   space 4608K, 0% used [0x00000000d7200000,0x00000000d7200000,0x00000000d7680000)
 ParOldGen       total 1057792K, used 1057691K [0x0000000080000000, 0x00000000c0900000, 0x00000000d5Event: 2959.294 {heap After GC invocations=1539 (full 6):
 PSYoungGen      total 31232K, used 1883K [0x00000000d5580000, 0x00000000d7680000, 0x0000000100000000)
  eden space 26624K, 0% used [0x00000000d5580000,0x00000000d5580000,0x00000000d6f80000)
  from space 4608K, 40% used [0x00000000d7200000,0x00000000d73d6ff0,0x00000000d7680000)
  to   space 2560K, 0% used [0x00000000d6f80000,0x00000000d6f80000,0x00000000d7200000)
 ParOldGen       total 1058304K, used 1057811K [0x0000000080000000, 0x00000000c0980000, 0x00000000d5580Event: 2985.721 {heap Before GC invocations=1540 (full 6):
 PSYoungGen      total 31232K, used 28507K [0x00000000d5580000, 0x00000000d7680000, 0x0000000100000000)
  eden space 26624K, 100% used [0x00000000d5580000,0x00000000d6f80000,0x00000000d6f80000)
  from space 4608K, 40% used [0x00000000d7200000,0x00000000d73d6ff0,0x00000000d7680000)
  to   space 2560K, 0% used [0x00000000d6f80000,0x00000000d6f80000,0x00000000d7200000)
 ParOldGen       total 1058304K, used 1057811K [0x0000000080000000, 0x00000000c0980000, 0x00000000dEvent: 2985.723 {heap After GC invocations=1540 (full 6):
 PSYoungGen      total 29184K, used 256K [0x00000000d5580000, 0x00000000d7680000, 0x0000000100000000)
  eden space 26624K, 0% used [0x00000000d5580000,0x00000000d5580000,0x00000000d6f80000)
  from space 2560K, 10% used [0x00000000d6f80000,0x00000000d6fc0000,0x00000000d7200000)
  to   space 1024K, 0% used [0x00000000d7580000,0x00000000d7580000,0x00000000d7680000)
 ParOldGen       total 1058304K, used 1057851K [0x0000000080000000, 0x00000000c0980000, 0x00000000d55800Event: 2986.673 {heap Before GC invocations=1541 (full 6):
 PSYoungGen      total 29184K, used 26880K [0x00000000d5580000, 0x00000000d7680000, 0x0000000100000000)
  eden space 26624K, 100% used [0x00000000d5580000,0x00000000d6f80000,0x00000000d6f80000)
  from space 2560K, 10% used [0x00000000d6f80000,0x00000000d6fc0000,0x00000000d7200000)
  to   space 1024K, 0% used [0x00000000d7580000,0x00000000d7580000,0x00000000d7680000)
 ParOldGen       total 1058304K, used 1057851K [0x0000000080000000, 0x00000000c0980000, 0x00000000dEvent: 2986.679 {heap After GC invocations=1541 (full 6):
 PSYoungGen      total 20992K, used 1017K [0x00000000d5580000, 0x00000000d8800000, 0x0000000100000000)
  eden space 19968K, 0% used [0x00000000d5580000,0x00000000d5580000,0x00000000d6900000)
  from space 1024K, 99% used [0x00000000d7580000,0x00000000d767e508,0x00000000d7680000)
  to   space 12800K, 0% used [0x00000000d6900000,0x00000000d6900000,0x00000000d7580000)
 ParOldGen       total 1067520K, used 1067399K [0x0000000080000000, 0x00000000c1280000, 0x00000000d558Event: 2986.781 {heap Before GC invocations=1542 (full 6):
 PSYoungGen      total 20992K, used 20757K [0x00000000d5580000, 0x00000000d8800000, 0x0000000100000000)
  eden space 19968K, 98% used [0x00000000d5580000,0x00000000d68c6f20,0x00000000d6900000)
  from space 1024K, 99% used [0x00000000d7580000,0x00000000d767e508,0x00000000d7680000)
  to   space 12800K, 0% used [0x00000000d6900000,0x00000000d6900000,0x00000000d7580000)
 ParOldGen       total 1067520K, used 1067399K [0x0000000080000000, 0x00000000c1280000, 0x00000000dEvent: 2986.788 {heap After GC invocations=1542 (full 6):
 PSYoungGen      total 30720K, used 10475K [0x00000000d5580000, 0x00000000d7f00000, 0x0000000100000000)
  eden space 19968K, 0% used [0x00000000d5580000,0x00000000d5580000,0x00000000d6900000)
  from space 10752K, 97% used [0x00000000d6900000,0x00000000d733ad40,0x00000000d7380000)
  to   space 11264K, 0% used [0x00000000d7400000,0x00000000d7400000,0x00000000d7f00000)
 ParOldGen       total 1068032K, used 1067843K [0x0000000080000000, 0x00000000c1300000, 0x00000000d5Event: 2987.514 {heap Before GC invocations=1543 (full 6):
 PSYoungGen      total 30720K, used 30443K [0x00000000d5580000, 0x00000000d7f00000, 0x0000000100000000)
  eden space 19968K, 100% used [0x00000000d5580000,0x00000000d6900000,0x00000000d6900000)
  from space 10752K, 97% used [0x00000000d6900000,0x00000000d733ad40,0x00000000d7380000)
  to   space 11264K, 0% used [0x00000000d7400000,0x00000000d7400000,0x00000000d7f00000)
 ParOldGen       total 1068032K, used 1067843K [0x0000000080000000, 0x00000000c1300000, 0x0000000Event: 2987.519 {heap After GC invocations=1543 (full 6):
 PSYoungGen      total 26112K, used 1385K [0x00000000d5580000, 0x00000000d7680000, 0x0000000100000000)
  eden space 23552K, 0% used [0x00000000d5580000,0x00000000d5580000,0x00000000d6c80000)
  from space 2560K, 54% used [0x00000000d7400000,0x00000000d755a6a0,0x00000000d7680000)
  to   space 5120K, 0% used [0x00000000d6c80000,0x00000000d6c80000,0x00000000d7180000)
 ParOldGen       total 1076224K, used 1075923K [0x0000000080000000, 0x00000000c1b00000, 0x00000000d5580
Metaspace Usage History (20 events):
Event: 2956.915 {metaspace Before GC invocations=1534 (full 6):
 Metaspace       used 95087K, committed 96832K, reserved 1179648K
  class space    used 8140K, committed 9024K, reserved 1048576K
}
Event: 2956.917 {metaspace After GC invocations=1534 (full 6):
 Metaspace       used 95087K, committed 96832K, reserved 1179648K
  class space    used 8140K, committed 9024K, reserved 1048576K
}
Event: 2958.158 {metaspace Before GC invocations=1535 (full 6):
 Metaspace       used 95115K, committed 96832K, reserved 1179648K
  class space    used 8140K, committed 9024K, reserved 1048576K
}
Event: 2958.165 {metaspace After GC invocations=1535 (full 6):
 Metaspace       used 95115K, committed 96832K, reserved 1179648K
  class space    used 8140K, committed 9024K, reserved 1048576K
}
Event: 2958.293 {metaspace Before GC invocations=1536 (full 6):
 Metaspace       used 95115K, committed 96832K, reserved 1179648K
  class space    used 8140K, committed 9024K, reserved 1048576K
}
Event: 2958.317 {metaspace After GC invocations=1536 (full 6):
 Metaspace       used 95115K, committed 96832K, reserved 1179648K
  class space    used 8140K, committed 9024K, reserved 1048576K
}
Event: 2958.410 {metaspace Before GC invocations=1537 (full 6):
 Metaspace       used 95115K, committed 96832K, reserved 1179648K
  class space    used 8140K, committed 9024K, reserved 1048576K
}
Event: 2958.436 {metaspace After GC invocations=1537 (full 6):
 Metaspace       used 95115K, committed 96832K, reserved 1179648K
  class space    used 8140K, committed 9024K, reserved 1048576K
}
Event: 2959.168 {metaspace Before GC invocations=1538 (full 6):
 Metaspace       used 95118K, committed 96832K, reserved 1179648K
  class space    used 8140K, committed 9024K, reserved 1048576K
}
Event: 2959.188 {metaspace After GC invocations=1538 (full 6):
 Metaspace       used 95118K, committed 96832K, reserved 1179648K
  class space    used 8140K, committed 9024K, reserved 1048576K
}
Event: 2959.281 {metaspace Before GC invocations=1539 (full 6):
 Metaspace       used 95118K, committed 96832K, reserved 1179648K
  class space    used 8140K, committed 9024K, reserved 1048576K
}
Event: 2959.294 {metaspace After GC invocations=1539 (full 6):
 Metaspace       used 95118K, committed 96832K, reserved 1179648K
  class space    used 8140K, committed 9024K, reserved 1048576K
}
Event: 2985.721 {metaspace Before GC invocations=1540 (full 6):
 Metaspace       used 95118K, committed 96832K, reserved 1179648K
  class space    used 8140K, committed 9024K, reserved 1048576K
}
Event: 2985.723 {metaspace After GC invocations=1540 (full 6):
 Metaspace       used 95118K, committed 96832K, reserved 1179648K
  class space    used 8140K, committed 9024K, reserved 1048576K
}
Event: 2986.673 {metaspace Before GC invocations=1541 (full 6):
 Metaspace       used 95312K, committed 97024K, reserved 1179648K
  class space    used 8166K, committed 9024K, reserved 1048576K
}
Event: 2986.679 {metaspace After GC invocations=1541 (full 6):
 Metaspace       used 95312K, committed 97024K, reserved 1179648K
  class space    used 8166K, committed 9024K, reserved 1048576K
}
Event: 2986.781 {metaspace Before GC invocations=1542 (full 6):
 Metaspace       used 95313K, committed 97024K, reserved 1179648K
  class space    used 8166K, committed 9024K, reserved 1048576K
}
Event: 2986.788 {metaspace After GC invocations=1542 (full 6):
 Metaspace       used 95313K, committed 97024K, reserved 1179648K
  class space    used 8166K, committed 9024K, reserved 1048576K
}
Event: 2987.514 {metaspace Before GC invocations=1543 (full 6):
 Metaspace       used 95983K, committed 97856K, reserved 1179648K
  class space    used 8287K, committed 9152K, reserved 1048576K
}
Event: 2987.519 {metaspace After GC invocations=1543 (full 6):
 Metaspace       used 95983K, committed 97856K, reserved 1179648K
  class space    used 8287K, committed 9152K, reserved 1048576K
}

