# JRE version: Java(TM) SE Runtime Environment (25.0+37) (build 25+37-LTS-3491)
# Java VM: Java HotSpot(TM) 64-Bit Server VM (25+37-LTS-3491, mixed mode, sharing, tiered, compressed oops, compressed class ptrs, parallel gc, windows-amd64)
GC Precious Log:
 CardTable entry size: 512
 CPUs: 12 total, 12 available
 Memory: 16080M
 Large Page Support: Disabled
 NUMA Support: Disabled
 Compressed Oops: Enabled (32-bit)
 Alignments: Space 512K, Generation 512K, Heap 2M
 Heap Min Capacity: 100M
 Heap Initial Capacity: 100M
 Heap Max Capacity: 2G
 Pre-touch: Disabled
 Parallel Workers: 10
Heap:
 PSYoungGen      total 35840K, used 13096K [0x00000000d5580000, 0x00000000d7d80000, 0x0000000100000000)
  eden space 34816K, 35% used [0x00000000d5580000,0x00000000d619c340,0x00000000d7780000)
  from space 1024K, 67% used [0x00000000d7c80000,0x00000000d7d2dde8,0x00000000d7d80000)
  to   space 3072K, 0% used [0x00000000d7780000,0x00000000d7780000,0x00000000d7a80000)
 ParOldGen       total 574464K, used 574251K [0x0000000080000000, 0x00000000a3100000, 0x00000000d5580000)
  object space 574464K, 99% used [0x0000000080000000,0x00000000a30cad78,0x00000000a3100000)
GC Heap Usage History (20 events):
Event: 2096.706 {heap Before GC invocations=2038 (full 7):
 PSYoungGen      total 31744K, used 26544K [0x00000000d5580000, 0x00000000d7680000, 0x0000000100000000)
  eden space 26112K, 100% used [0x00000000d5580000,0x00000000d6f00000,0x00000000d6f00000)
  from space 5632K, 7% used [0x00000000d7100000,0x00000000d716c088,0x00000000d7680000)
  to   space 2048K, 0% used [0x00000000d6f00000,0x00000000d6f00000,0x00000000d7100000)
 ParOldGen       total 530944K, used 530503K [0x0000000080000000, 0x00000000a0680000, 0x00000000d558Event: 2096.717 {heap After GC invocations=2038 (full 7):
 PSYoungGen      total 27648K, used 2025K [0x00000000d5580000, 0x00000000d7b80000, 0x0000000100000000)
  eden space 25600K, 0% used [0x00000000d5580000,0x00000000d5580000,0x00000000d6e80000)
  from space 2048K, 98% used [0x00000000d6f00000,0x00000000d70fa438,0x00000000d7100000)
  to   space 6656K, 0% used [0x00000000d7500000,0x00000000d7500000,0x00000000d7b80000)
 ParOldGen       total 534528K, used 534055K [0x0000000080000000, 0x00000000a0a00000, 0x00000000d558000Event: 2096.859 {heap Before GC invocations=2039 (full 7):
 PSYoungGen      total 27648K, used 27625K [0x00000000d5580000, 0x00000000d7b80000, 0x0000000100000000)
  eden space 25600K, 100% used [0x00000000d5580000,0x00000000d6e80000,0x00000000d6e80000)
  from space 2048K, 98% used [0x00000000d6f00000,0x00000000d70fa438,0x00000000d7100000)
  to   space 6656K, 0% used [0x00000000d7500000,0x00000000d7500000,0x00000000d7b80000)
 ParOldGen       total 534528K, used 534055K [0x0000000080000000, 0x00000000a0a00000, 0x00000000d55Event: 2096.867 {heap After GC invocations=2039 (full 7):
 PSYoungGen      total 28672K, used 6652K [0x00000000d5580000, 0x00000000d8200000, 0x0000000100000000)
  eden space 22016K, 0% used [0x00000000d5580000,0x00000000d5580000,0x00000000d6b00000)
  from space 6656K, 99% used [0x00000000d7500000,0x00000000d7b7f138,0x00000000d7b80000)
  to   space 10240K, 0% used [0x00000000d6b00000,0x00000000d6b00000,0x00000000d7500000)
 ParOldGen       total 537088K, used 536768K [0x0000000080000000, 0x00000000a0c80000, 0x00000000d55800Event: 2097.317 {heap Before GC invocations=2040 (full 7):
 PSYoungGen      total 28672K, used 24983K [0x00000000d5580000, 0x00000000d8200000, 0x0000000100000000)
  eden space 22016K, 83% used [0x00000000d5580000,0x00000000d6766d18,0x00000000d6b00000)
  from space 6656K, 99% used [0x00000000d7500000,0x00000000d7b7f138,0x00000000d7b80000)
  to   space 10240K, 0% used [0x00000000d6b00000,0x00000000d6b00000,0x00000000d7500000)
 ParOldGen       total 537088K, used 536768K [0x0000000080000000, 0x00000000a0c80000, 0x00000000d55Event: 2097.342 {heap After GC invocations=2040 (full 7):
 PSYoungGen      total 24576K, used 2128K [0x00000000d5580000, 0x00000000d7680000, 0x0000000100000000)
  eden space 22016K, 0% used [0x00000000d5580000,0x00000000d5580000,0x00000000d6b00000)
  from space 2560K, 83% used [0x00000000d6b00000,0x00000000d6d143f8,0x00000000d6d80000)
  to   space 5120K, 0% used [0x00000000d7180000,0x00000000d7180000,0x00000000d7680000)
 ParOldGen       total 543232K, used 543029K [0x0000000080000000, 0x00000000a1280000, 0x00000000d558000Event: 2097.443 {heap Before GC invocations=2041 (full 7):
 PSYoungGen      total 24576K, used 24144K [0x00000000d5580000, 0x00000000d7680000, 0x0000000100000000)
  eden space 22016K, 100% used [0x00000000d5580000,0x00000000d6b00000,0x00000000d6b00000)
  from space 2560K, 83% used [0x00000000d6b00000,0x00000000d6d143f8,0x00000000d6d80000)
  to   space 5120K, 0% used [0x00000000d7180000,0x00000000d7180000,0x00000000d7680000)
 ParOldGen       total 555008K, used 554549K [0x0000000080000000, 0x00000000a1e00000, 0x00000000d55Event: 2097.446 {heap After GC invocations=2041 (full 7):
 PSYoungGen      total 32256K, used 224K [0x00000000d5580000, 0x00000000d7680000, 0x0000000100000000)
  eden space 27136K, 0% used [0x00000000d5580000,0x00000000d5580000,0x00000000d7000000)
  from space 5120K, 4% used [0x00000000d7180000,0x00000000d71b8000,0x00000000d7680000)
  to   space 1536K, 0% used [0x00000000d7000000,0x00000000d7000000,0x00000000d7180000)
 ParOldGen       total 556544K, used 556472K [0x0000000080000000, 0x00000000a1f80000, 0x00000000d5580000)Event: 2097.644 {heap Before GC invocations=2042 (full 7):
 PSYoungGen      total 32256K, used 27347K [0x00000000d5580000, 0x00000000d7680000, 0x0000000100000000)
  eden space 27136K, 99% used [0x00000000d5580000,0x00000000d6ffcda0,0x00000000d7000000)
  from space 5120K, 4% used [0x00000000d7180000,0x00000000d71b8000,0x00000000d7680000)
  to   space 1536K, 0% used [0x00000000d7000000,0x00000000d7000000,0x00000000d7180000)
 ParOldGen       total 556544K, used 556472K [0x0000000080000000, 0x00000000a1f80000, 0x00000000d5580Event: 2097.663 {heap After GC invocations=2042 (full 7):
 PSYoungGen      total 28160K, used 1532K [0x00000000d5580000, 0x00000000d7e80000, 0x0000000100000000)
  eden space 26624K, 0% used [0x00000000d5580000,0x00000000d5580000,0x00000000d6f80000)
  from space 1536K, 99% used [0x00000000d7000000,0x00000000d717f188,0x00000000d7180000)
  to   space 7680K, 0% used [0x00000000d7700000,0x00000000d7700000,0x00000000d7e80000)
 ParOldGen       total 561664K, used 561190K [0x0000000080000000, 0x00000000a2480000, 0x00000000d558000Event: 2098.245 {heap Before GC invocations=2043 (full 7):
 PSYoungGen      total 28160K, used 27951K [0x00000000d5580000, 0x00000000d7e80000, 0x0000000100000000)
  eden space 26624K, 99% used [0x00000000d5580000,0x00000000d6f4cc00,0x00000000d6f80000)
  from space 1536K, 99% used [0x00000000d7000000,0x00000000d717f188,0x00000000d7180000)
  to   space 7680K, 0% used [0x00000000d7700000,0x00000000d7700000,0x00000000d7e80000)
 ParOldGen       total 561664K, used 561190K [0x0000000080000000, 0x00000000a2480000, 0x00000000d558Event: 2098.248 {heap After GC invocations=2043 (full 7):
 PSYoungGen      total 30208K, used 874K [0x00000000d5580000, 0x00000000d7800000, 0x0000000100000000)
  eden space 29184K, 0% used [0x00000000d5580000,0x00000000d5580000,0x00000000d7200000)
  from space 1024K, 85% used [0x00000000d7700000,0x00000000d77da8e0,0x00000000d7800000)
  to   space 3072K, 0% used [0x00000000d7200000,0x00000000d7200000,0x00000000d7500000)
 ParOldGen       total 561664K, used 561238K [0x0000000080000000, 0x00000000a2480000, 0x00000000d5580000Event: 2098.286 {heap Before GC invocations=2044 (full 7):
 PSYoungGen      total 30208K, used 30058K [0x00000000d5580000, 0x00000000d7800000, 0x0000000100000000)
  eden space 29184K, 100% used [0x00000000d5580000,0x00000000d7200000,0x00000000d7200000)
  from space 1024K, 85% used [0x00000000d7700000,0x00000000d77da8e0,0x00000000d7800000)
  to   space 3072K, 0% used [0x00000000d7200000,0x00000000d7200000,0x00000000d7500000)
 ParOldGen       total 561664K, used 561238K [0x0000000080000000, 0x00000000a2480000, 0x00000000d55Event: 2098.291 {heap After GC invocations=2044 (full 7):
 PSYoungGen      total 31744K, used 3050K [0x00000000d5580000, 0x00000000d8f80000, 0x0000000100000000)
  eden space 28672K, 0% used [0x00000000d5580000,0x00000000d5580000,0x00000000d7180000)
  from space 3072K, 99% used [0x00000000d7200000,0x00000000d74fa8b8,0x00000000d7500000)
  to   space 15360K, 0% used [0x00000000d8080000,0x00000000d8080000,0x00000000d8f80000)
 ParOldGen       total 571392K, used 571138K [0x0000000080000000, 0x00000000a2e00000, 0x00000000d55800Event: 2099.987 {heap Before GC invocations=2045 (full 7):
 PSYoungGen      total 31744K, used 31722K [0x00000000d5580000, 0x00000000d8f80000, 0x0000000100000000)
  eden space 28672K, 100% used [0x00000000d5580000,0x00000000d7180000,0x00000000d7180000)
  from space 3072K, 99% used [0x00000000d7200000,0x00000000d74fa8b8,0x00000000d7500000)
  to   space 15360K, 0% used [0x00000000d8080000,0x00000000d8080000,0x00000000d8f80000)
 ParOldGen       total 571392K, used 571138K [0x0000000080000000, 0x00000000a2e00000, 0x00000000d5Event: 2099.989 {heap After GC invocations=2045 (full 7):
 PSYoungGen      total 29184K, used 672K [0x00000000d5580000, 0x00000000d8180000, 0x0000000100000000)
  eden space 28160K, 0% used [0x00000000d5580000,0x00000000d5580000,0x00000000d7100000)
  from space 1024K, 65% used [0x00000000d8080000,0x00000000d8128000,0x00000000d8180000)
  to   space 5120K, 0% used [0x00000000d7780000,0x00000000d7780000,0x00000000d7c80000)
 ParOldGen       total 572928K, used 572553K [0x0000000080000000, 0x00000000a2f80000, 0x00000000d5580000Event: 2100.190 {heap Before GC invocations=2046 (full 7):
 PSYoungGen      total 29184K, used 28832K [0x00000000d5580000, 0x00000000d8180000, 0x0000000100000000)
  eden space 28160K, 100% used [0x00000000d5580000,0x00000000d7100000,0x00000000d7100000)
  from space 1024K, 65% used [0x00000000d8080000,0x00000000d8128000,0x00000000d8180000)
  to   space 5120K, 0% used [0x00000000d7780000,0x00000000d7780000,0x00000000d7c80000)
 ParOldGen       total 572928K, used 572553K [0x0000000080000000, 0x00000000a2f80000, 0x00000000d55Event: 2100.194 {heap After GC invocations=2046 (full 7):
 PSYoungGen      total 32768K, used 5099K [0x00000000d5580000, 0x00000000d8100000, 0x0000000100000000)
  eden space 27648K, 0% used [0x00000000d5580000,0x00000000d5580000,0x00000000d7080000)
  from space 5120K, 99% used [0x00000000d7780000,0x00000000d7c7ad40,0x00000000d7c80000)
  to   space 4608K, 0% used [0x00000000d7c80000,0x00000000d7c80000,0x00000000d8100000)
 ParOldGen       total 573952K, used 573737K [0x0000000080000000, 0x00000000a3080000, 0x00000000d558000Event: 2100.846 {heap Before GC invocations=2047 (full 7):
 PSYoungGen      total 32768K, used 32747K [0x00000000d5580000, 0x00000000d8100000, 0x0000000100000000)
  eden space 27648K, 100% used [0x00000000d5580000,0x00000000d7080000,0x00000000d7080000)
  from space 5120K, 99% used [0x00000000d7780000,0x00000000d7c7ad40,0x00000000d7c80000)
  to   space 4608K, 0% used [0x00000000d7c80000,0x00000000d7c80000,0x00000000d8100000)
 ParOldGen       total 573952K, used 573737K [0x0000000080000000, 0x00000000a3080000, 0x00000000d55Event: 2100.848 {heap After GC invocations=2047 (full 7):
 PSYoungGen      total 35840K, used 695K [0x00000000d5580000, 0x00000000d7d80000, 0x0000000100000000)
  eden space 34816K, 0% used [0x00000000d5580000,0x00000000d5580000,0x00000000d7780000)
  from space 1024K, 67% used [0x00000000d7c80000,0x00000000d7d2dde8,0x00000000d7d80000)
  to   space 3072K, 0% used [0x00000000d7780000,0x00000000d7780000,0x00000000d7a80000)
 ParOldGen       total 574464K, used 574251K [0x0000000080000000, 0x00000000a3100000, 0x00000000d5580000
Metaspace Usage History (20 events):
Event: 2096.706 {metaspace Before GC invocations=2038 (full 7):
 Metaspace       used 87778K, committed 89472K, reserved 1179648K
  class space    used 7413K, committed 8192K, reserved 1048576K
}
Event: 2096.717 {metaspace After GC invocations=2038 (full 7):
 Metaspace       used 87778K, committed 89472K, reserved 1179648K
  class space    used 7413K, committed 8192K, reserved 1048576K
}
Event: 2096.859 {metaspace Before GC invocations=2039 (full 7):
 Metaspace       used 87779K, committed 89472K, reserved 1179648K
  class space    used 7413K, committed 8192K, reserved 1048576K
}
Event: 2096.867 {metaspace After GC invocations=2039 (full 7):
 Metaspace       used 87779K, committed 89472K, reserved 1179648K
  class space    used 7413K, committed 8192K, reserved 1048576K
}
Event: 2097.317 {metaspace Before GC invocations=2040 (full 7):
 Metaspace       used 87782K, committed 89472K, reserved 1179648K
  class space    used 7413K, committed 8192K, reserved 1048576K
}
Event: 2097.342 {metaspace After GC invocations=2040 (full 7):
 Metaspace       used 87782K, committed 89472K, reserved 1179648K
  class space    used 7413K, committed 8192K, reserved 1048576K
}
Event: 2097.443 {metaspace Before GC invocations=2041 (full 7):
 Metaspace       used 87782K, committed 89472K, reserved 1179648K
  class space    used 7413K, committed 8192K, reserved 1048576K
}
Event: 2097.446 {metaspace After GC invocations=2041 (full 7):
 Metaspace       used 87782K, committed 89472K, reserved 1179648K
  class space    used 7413K, committed 8192K, reserved 1048576K
}
Event: 2097.644 {metaspace Before GC invocations=2042 (full 7):
 Metaspace       used 87782K, committed 89472K, reserved 1179648K
  class space    used 7413K, committed 8192K, reserved 1048576K
}
Event: 2097.663 {metaspace After GC invocations=2042 (full 7):
 Metaspace       used 87782K, committed 89472K, reserved 1179648K
  class space    used 7413K, committed 8192K, reserved 1048576K
}
Event: 2098.245 {metaspace Before GC invocations=2043 (full 7):
 Metaspace       used 87782K, committed 89472K, reserved 1179648K
  class space    used 7413K, committed 8192K, reserved 1048576K
}
Event: 2098.248 {metaspace After GC invocations=2043 (full 7):
 Metaspace       used 87782K, committed 89472K, reserved 1179648K
  class space    used 7413K, committed 8192K, reserved 1048576K
}
Event: 2098.286 {metaspace Before GC invocations=2044 (full 7):
 Metaspace       used 87782K, committed 89472K, reserved 1179648K
  class space    used 7413K, committed 8192K, reserved 1048576K
}
Event: 2098.291 {metaspace After GC invocations=2044 (full 7):
 Metaspace       used 87782K, committed 89472K, reserved 1179648K
  class space    used 7413K, committed 8192K, reserved 1048576K
}
Event: 2099.987 {metaspace Before GC invocations=2045 (full 7):
 Metaspace       used 87900K, committed 89536K, reserved 1179648K
  class space    used 7431K, committed 8192K, reserved 1048576K
}
Event: 2099.989 {metaspace After GC invocations=2045 (full 7):
 Metaspace       used 87900K, committed 89536K, reserved 1179648K
  class space    used 7431K, committed 8192K, reserved 1048576K
}
Event: 2100.190 {metaspace Before GC invocations=2046 (full 7):
 Metaspace       used 88071K, committed 89664K, reserved 1179648K
  class space    used 7453K, committed 8192K, reserved 1048576K
}
Event: 2100.194 {metaspace After GC invocations=2046 (full 7):
 Metaspace       used 88071K, committed 89664K, reserved 1179648K
  class space    used 7453K, committed 8192K, reserved 1048576K
}
Event: 2100.846 {metaspace Before GC invocations=2047 (full 7):
 Metaspace       used 88909K, committed 90688K, reserved 1179648K
  class space    used 7629K, committed 8448K, reserved 1048576K
}
Event: 2100.848 {metaspace After GC invocations=2047 (full 7):
 Metaspace       used 88909K, committed 90688K, reserved 1179648K
  class space    used 7629K, committed 8448K, reserved 1048576K
}

