# JRE version: Java(TM) SE Runtime Environment (25.0+37) (build 25+37-LTS-3491)
# Java VM: Java HotSpot(TM) 64-Bit Server VM (25+37-LTS-3491, mixed mode, sharing, tiered, compressed oops, compressed class ptrs, parallel gc, windows-amd64)
GC Precious Log:
 CardTable entry size: 512
 CPUs: 12 total, 12 available
 Memory: 16080M
 Large Page Support: Disabled
 NUMA Support: Disabled
 Compressed Oops: Enabled (32-bit)
 Alignments: Space 512K, Generation 512K, Heap 2M
 Heap Min Capacity: 100M
 Heap Initial Capacity: 100M
 Heap Max Capacity: 2G
 Pre-touch: Disabled
 Parallel Workers: 10
Heap:
 PSYoungGen      total 32256K, used 9175K [0x00000000d5580000, 0x00000000d7680000, 0x0000000100000000)
  eden space 30720K, 27% used [0x00000000d5580000,0x00000000d5db77e8,0x00000000d7380000)
  from space 1536K, 49% used [0x00000000d7500000,0x00000000d75be690,0x00000000d7680000)
  to   space 1536K, 0% used [0x00000000d7380000,0x00000000d7380000,0x00000000d7500000)
 ParOldGen       total 314368K, used 313904K [0x0000000080000000, 0x0000000093300000, 0x00000000d5580000)
  object space 314368K, 99% used [0x0000000080000000,0x000000009328c060,0x0000000093300000)
GC Heap Usage History (20 events):
Event: 12154.727 {heap Before GC invocations=5603 (full 12):
 PSYoungGen      total 31744K, used 31556K [0x00000000d5580000, 0x00000000d7980000, 0x0000000100000000)
  eden space 30720K, 100% used [0x00000000d5580000,0x00000000d7380000,0x00000000d7380000)
  from space 1024K, 81% used [0x00000000d7880000,0x00000000d7951230,0x00000000d7980000)
  to   space 3072K, 0% used [0x00000000d7380000,0x00000000d7380000,0x00000000d7680000)
 ParOldGen       total 269312K, used 269019K [0x0000000080000000, 0x0000000090700000, 0x00000000d5Event: 12154.729 {heap After GC invocations=5603 (full 12):
 PSYoungGen      total 33792K, used 1374K [0x00000000d5580000, 0x00000000d7900000, 0x0000000100000000)
  eden space 30720K, 0% used [0x00000000d5580000,0x00000000d5580000,0x00000000d7380000)
  from space 3072K, 44% used [0x00000000d7380000,0x00000000d74d7b50,0x00000000d7680000)
  to   space 1536K, 0% used [0x00000000d7780000,0x00000000d7780000,0x00000000d7900000)
 ParOldGen       total 269312K, used 269187K [0x0000000080000000, 0x0000000090700000, 0x00000000d55800Event: 12154.862 {heap Before GC invocations=5604 (full 12):
 PSYoungGen      total 33792K, used 32094K [0x00000000d5580000, 0x00000000d7900000, 0x0000000100000000)
  eden space 30720K, 100% used [0x00000000d5580000,0x00000000d7380000,0x00000000d7380000)
  from space 3072K, 44% used [0x00000000d7380000,0x00000000d74d7b50,0x00000000d7680000)
  to   space 1536K, 0% used [0x00000000d7780000,0x00000000d7780000,0x00000000d7900000)
 ParOldGen       total 269312K, used 269187K [0x0000000080000000, 0x0000000090700000, 0x00000000d5Event: 12154.864 {heap After GC invocations=5604 (full 12):
 PSYoungGen      total 31744K, used 1514K [0x00000000d5580000, 0x00000000d7a00000, 0x0000000100000000)
  eden space 30208K, 0% used [0x00000000d5580000,0x00000000d5580000,0x00000000d7300000)
  from space 1536K, 98% used [0x00000000d7780000,0x00000000d78fa910,0x00000000d7900000)
  to   space 3584K, 0% used [0x00000000d7300000,0x00000000d7300000,0x00000000d7680000)
 ParOldGen       total 270848K, used 270495K [0x0000000080000000, 0x0000000090880000, 0x00000000d55800Event: 12155.732 {heap Before GC invocations=5605 (full 12):
 PSYoungGen      total 31744K, used 31722K [0x00000000d5580000, 0x00000000d7a00000, 0x0000000100000000)
  eden space 30208K, 99% used [0x00000000d5580000,0x00000000d72ffff8,0x00000000d7300000)
  from space 1536K, 98% used [0x00000000d7780000,0x00000000d78fa910,0x00000000d7900000)
  to   space 3584K, 0% used [0x00000000d7300000,0x00000000d7300000,0x00000000d7680000)
 ParOldGen       total 270848K, used 270495K [0x0000000080000000, 0x0000000090880000, 0x00000000d55Event: 12155.734 {heap After GC invocations=5605 (full 12):
 PSYoungGen      total 33792K, used 489K [0x00000000d5580000, 0x00000000d7800000, 0x0000000100000000)
  eden space 30208K, 0% used [0x00000000d5580000,0x00000000d5580000,0x00000000d7300000)
  from space 3584K, 13% used [0x00000000d7300000,0x00000000d737a440,0x00000000d7680000)
  to   space 1536K, 0% used [0x00000000d7680000,0x00000000d7680000,0x00000000d7800000)
 ParOldGen       total 272384K, used 271913K [0x0000000080000000, 0x0000000090a00000, 0x00000000d558000Event: 12155.842 {heap Before GC invocations=5606 (full 12):
 PSYoungGen      total 33792K, used 30697K [0x00000000d5580000, 0x00000000d7800000, 0x0000000100000000)
  eden space 30208K, 100% used [0x00000000d5580000,0x00000000d7300000,0x00000000d7300000)
  from space 3584K, 13% used [0x00000000d7300000,0x00000000d737a440,0x00000000d7680000)
  to   space 1536K, 0% used [0x00000000d7680000,0x00000000d7680000,0x00000000d7800000)
 ParOldGen       total 272384K, used 271913K [0x0000000080000000, 0x0000000090a00000, 0x00000000d5Event: 12155.846 {heap After GC invocations=5606 (full 12):
 PSYoungGen      total 24576K, used 1521K [0x00000000d5580000, 0x00000000d8780000, 0x0000000100000000)
  eden space 23040K, 0% used [0x00000000d5580000,0x00000000d5580000,0x00000000d6c00000)
  from space 1536K, 99% used [0x00000000d7680000,0x00000000d77fc6c8,0x00000000d7800000)
  to   space 10752K, 0% used [0x00000000d6c00000,0x00000000d6c00000,0x00000000d7680000)
 ParOldGen       total 279552K, used 279203K [0x0000000080000000, 0x0000000091100000, 0x00000000d5580Event: 12155.978 {heap Before GC invocations=5607 (full 12):
 PSYoungGen      total 24576K, used 24561K [0x00000000d5580000, 0x00000000d8780000, 0x0000000100000000)
  eden space 23040K, 100% used [0x00000000d5580000,0x00000000d6c00000,0x00000000d6c00000)
  from space 1536K, 99% used [0x00000000d7680000,0x00000000d77fc6c8,0x00000000d7800000)
  to   space 10752K, 0% used [0x00000000d6c00000,0x00000000d6c00000,0x00000000d7680000)
 ParOldGen       total 303104K, used 302243K [0x0000000080000000, 0x0000000092800000, 0x00000000dEvent: 12155.980 {heap After GC invocations=5607 (full 12):
 PSYoungGen      total 28160K, used 5354K [0x00000000d5580000, 0x00000000d7880000, 0x0000000100000000)
  eden space 22528K, 0% used [0x00000000d5580000,0x00000000d5580000,0x00000000d6b80000)
  from space 5632K, 95% used [0x00000000d6c00000,0x00000000d713a930,0x00000000d7180000)
  to   space 6656K, 0% used [0x00000000d7200000,0x00000000d7200000,0x00000000d7880000)
 ParOldGen       total 303104K, used 302451K [0x0000000080000000, 0x0000000092800000, 0x00000000d55800Event: 12156.545 {heap Before GC invocations=5608 (full 12):
 PSYoungGen      total 28160K, used 27882K [0x00000000d5580000, 0x00000000d7880000, 0x0000000100000000)
  eden space 22528K, 100% used [0x00000000d5580000,0x00000000d6b80000,0x00000000d6b80000)
  from space 5632K, 95% used [0x00000000d6c00000,0x00000000d713a930,0x00000000d7180000)
  to   space 6656K, 0% used [0x00000000d7200000,0x00000000d7200000,0x00000000d7880000)
 ParOldGen       total 303104K, used 302451K [0x0000000080000000, 0x0000000092800000, 0x00000000d5Event: 12156.549 {heap After GC invocations=5608 (full 12):
 PSYoungGen      total 30720K, used 782K [0x00000000d5580000, 0x00000000d7680000, 0x0000000100000000)
  eden space 26112K, 0% used [0x00000000d5580000,0x00000000d5580000,0x00000000d6f00000)
  from space 4608K, 16% used [0x00000000d7200000,0x00000000d72c3b20,0x00000000d7680000)
  to   space 3072K, 0% used [0x00000000d6f00000,0x00000000d6f00000,0x00000000d7200000)
 ParOldGen       total 307712K, used 307605K [0x0000000080000000, 0x0000000092c80000, 0x00000000d558000Event: 12156.867 {heap Before GC invocations=5609 (full 12):
 PSYoungGen      total 30720K, used 26894K [0x00000000d5580000, 0x00000000d7680000, 0x0000000100000000)
  eden space 26112K, 100% used [0x00000000d5580000,0x00000000d6f00000,0x00000000d6f00000)
  from space 4608K, 16% used [0x00000000d7200000,0x00000000d72c3b20,0x00000000d7680000)
  to   space 3072K, 0% used [0x00000000d6f00000,0x00000000d6f00000,0x00000000d7200000)
 ParOldGen       total 307712K, used 307605K [0x0000000080000000, 0x0000000092c80000, 0x00000000d5Event: 12156.870 {heap After GC invocations=5609 (full 12):
 PSYoungGen      total 28672K, used 3071K [0x00000000d5580000, 0x00000000d8180000, 0x0000000100000000)
  eden space 25600K, 0% used [0x00000000d5580000,0x00000000d5580000,0x00000000d6e80000)
  from space 3072K, 99% used [0x00000000d6f00000,0x00000000d71ffc30,0x00000000d7200000)
  to   space 9728K, 0% used [0x00000000d7800000,0x00000000d7800000,0x00000000d8180000)
 ParOldGen       total 312832K, used 312773K [0x0000000080000000, 0x0000000093180000, 0x00000000d55800Event: 12159.694 {heap Before GC invocations=5610 (full 12):
 PSYoungGen      total 28672K, used 28671K [0x00000000d5580000, 0x00000000d8180000, 0x0000000100000000)
  eden space 25600K, 100% used [0x00000000d5580000,0x00000000d6e80000,0x00000000d6e80000)
  from space 3072K, 99% used [0x00000000d6f00000,0x00000000d71ffc30,0x00000000d7200000)
  to   space 9728K, 0% used [0x00000000d7800000,0x00000000d7800000,0x00000000d8180000)
 ParOldGen       total 312832K, used 312773K [0x0000000080000000, 0x0000000093180000, 0x00000000d5Event: 12159.701 {heap After GC invocations=5610 (full 12):
 PSYoungGen      total 34304K, used 8933K [0x00000000d5580000, 0x00000000d8100000, 0x0000000100000000)
  eden space 25088K, 0% used [0x00000000d5580000,0x00000000d5580000,0x00000000d6e00000)
  from space 9216K, 96% used [0x00000000d7800000,0x00000000d80b9518,0x00000000d8100000)
  to   space 9728K, 0% used [0x00000000d6e00000,0x00000000d6e00000,0x00000000d7780000)
 ParOldGen       total 313344K, used 312993K [0x0000000080000000, 0x0000000093200000, 0x00000000d55800Event: 12160.495 {heap Before GC invocations=5611 (full 12):
 PSYoungGen      total 34304K, used 34021K [0x00000000d5580000, 0x00000000d8100000, 0x0000000100000000)
  eden space 25088K, 100% used [0x00000000d5580000,0x00000000d6e00000,0x00000000d6e00000)
  from space 9216K, 96% used [0x00000000d7800000,0x00000000d80b9518,0x00000000d8100000)
  to   space 9728K, 0% used [0x00000000d6e00000,0x00000000d6e00000,0x00000000d7780000)
 ParOldGen       total 313344K, used 312993K [0x0000000080000000, 0x0000000093200000, 0x00000000d5Event: 12160.497 {heap After GC invocations=5611 (full 12):
 PSYoungGen      total 25600K, used 352K [0x00000000d5580000, 0x00000000d7880000, 0x0000000100000000)
  eden space 25088K, 0% used [0x00000000d5580000,0x00000000d5580000,0x00000000d6e00000)
  from space 512K, 68% used [0x00000000d6e00000,0x00000000d6e58000,0x00000000d6e80000)
  to   space 3584K, 0% used [0x00000000d7500000,0x00000000d7500000,0x00000000d7880000)
 ParOldGen       total 313856K, used 313736K [0x0000000080000000, 0x0000000093280000, 0x00000000d5580000Event: 12160.547 {heap Before GC invocations=5612 (full 12):
 PSYoungGen      total 25600K, used 25425K [0x00000000d5580000, 0x00000000d7880000, 0x0000000100000000)
  eden space 25088K, 99% used [0x00000000d5580000,0x00000000d6dfc760,0x00000000d6e00000)
  from space 512K, 68% used [0x00000000d6e00000,0x00000000d6e58000,0x00000000d6e80000)
  to   space 3584K, 0% used [0x00000000d7500000,0x00000000d7500000,0x00000000d7880000)
 ParOldGen       total 313856K, used 313736K [0x0000000080000000, 0x0000000093280000, 0x00000000d558Event: 12160.548 {heap After GC invocations=5612 (full 12):
 PSYoungGen      total 32256K, used 761K [0x00000000d5580000, 0x00000000d7680000, 0x0000000100000000)
  eden space 30720K, 0% used [0x00000000d5580000,0x00000000d5580000,0x00000000d7380000)
  from space 1536K, 49% used [0x00000000d7500000,0x00000000d75be690,0x00000000d7680000)
  to   space 1536K, 0% used [0x00000000d7380000,0x00000000d7380000,0x00000000d7500000)
 ParOldGen       total 314368K, used 313904K [0x0000000080000000, 0x0000000093300000, 0x00000000d558000
Metaspace Usage History (20 events):
Event: 12154.727 {metaspace Before GC invocations=5603 (full 12):
 Metaspace       used 98367K, committed 100096K, reserved 1179648K
  class space    used 8283K, committed 9088K, reserved 1048576K
}
Event: 12154.729 {metaspace After GC invocations=5603 (full 12):
 Metaspace       used 98367K, committed 100096K, reserved 1179648K
  class space    used 8283K, committed 9088K, reserved 1048576K
}
Event: 12154.862 {metaspace Before GC invocations=5604 (full 12):
 Metaspace       used 98367K, committed 100096K, reserved 1179648K
  class space    used 8283K, committed 9088K, reserved 1048576K
}
Event: 12154.864 {metaspace After GC invocations=5604 (full 12):
 Metaspace       used 98367K, committed 100096K, reserved 1179648K
  class space    used 8283K, committed 9088K, reserved 1048576K
}
Event: 12155.732 {metaspace Before GC invocations=5605 (full 12):
 Metaspace       used 98367K, committed 100096K, reserved 1179648K
  class space    used 8283K, committed 9088K, reserved 1048576K
}
Event: 12155.734 {metaspace After GC invocations=5605 (full 12):
 Metaspace       used 98367K, committed 100096K, reserved 1179648K
  class space    used 8283K, committed 9088K, reserved 1048576K
}
Event: 12155.842 {metaspace Before GC invocations=5606 (full 12):
 Metaspace       used 98367K, committed 100096K, reserved 1179648K
  class space    used 8283K, committed 9088K, reserved 1048576K
}
Event: 12155.846 {metaspace After GC invocations=5606 (full 12):
 Metaspace       used 98367K, committed 100096K, reserved 1179648K
  class space    used 8283K, committed 9088K, reserved 1048576K
}
Event: 12155.978 {metaspace Before GC invocations=5607 (full 12):
 Metaspace       used 98376K, committed 100160K, reserved 1179648K
  class space    used 8283K, committed 9088K, reserved 1048576K
}
Event: 12155.980 {metaspace After GC invocations=5607 (full 12):
 Metaspace       used 98376K, committed 100160K, reserved 1179648K
  class space    used 8283K, committed 9088K, reserved 1048576K
}
Event: 12156.545 {metaspace Before GC invocations=5608 (full 12):
 Metaspace       used 98377K, committed 100160K, reserved 1179648K
  class space    used 8283K, committed 9088K, reserved 1048576K
}
Event: 12156.549 {metaspace After GC invocations=5608 (full 12):
 Metaspace       used 98377K, committed 100160K, reserved 1179648K
  class space    used 8283K, committed 9088K, reserved 1048576K
}
Event: 12156.867 {metaspace Before GC invocations=5609 (full 12):
 Metaspace       used 98377K, committed 100160K, reserved 1179648K
  class space    used 8283K, committed 9088K, reserved 1048576K
}
Event: 12156.870 {metaspace After GC invocations=5609 (full 12):
 Metaspace       used 98377K, committed 100160K, reserved 1179648K
  class space    used 8283K, committed 9088K, reserved 1048576K
}
Event: 12159.694 {metaspace Before GC invocations=5610 (full 12):
 Metaspace       used 98571K, committed 100288K, reserved 1179648K
  class space    used 8310K, committed 9088K, reserved 1048576K
}
Event: 12159.701 {metaspace After GC invocations=5610 (full 12):
 Metaspace       used 98571K, committed 100288K, reserved 1179648K
  class space    used 8310K, committed 9088K, reserved 1048576K
}
Event: 12160.495 {metaspace Before GC invocations=5611 (full 12):
 Metaspace       used 98856K, committed 100544K, reserved 1179648K
  class space    used 8330K, committed 9088K, reserved 1048576K
}
Event: 12160.497 {metaspace After GC invocations=5611 (full 12):
 Metaspace       used 98856K, committed 100544K, reserved 1179648K
  class space    used 8330K, committed 9088K, reserved 1048576K
}
Event: 12160.547 {metaspace Before GC invocations=5612 (full 12):
 Metaspace       used 99538K, committed 101696K, reserved 1179648K
  class space    used 8513K, committed 9472K, reserved 1048576K
}
Event: 12160.548 {metaspace After GC invocations=5612 (full 12):
 Metaspace       used 99538K, committed 101696K, reserved 1179648K
  class space    used 8513K, committed 9472K, reserved 1048576K
}

