# JRE version: Java(TM) SE Runtime Environment (25.0+37) (build 25+37-LTS-3491)
# Java VM: Java HotSpot(TM) 64-Bit Server VM (25+37-LTS-3491, mixed mode, sharing, tiered, compressed oops, compressed class ptrs, parallel gc, windows-amd64)
GC Precious Log:
 CardTable entry size: 512
 CPUs: 12 total, 12 available
 Memory: 16080M
 Large Page Support: Disabled
 NUMA Support: Disabled
 Compressed Oops: Enabled (32-bit)
 Alignments: Space 512K, Generation 512K, Heap 2M
 Heap Min Capacity: 100M
 Heap Initial Capacity: 100M
 Heap Max Capacity: 2G
 Pre-touch: Disabled
 Parallel Workers: 10
Heap:
 PSYoungGen      total 34816K, used 33447K [0x00000000d5580000, 0x00000000d7800000, 0x0000000100000000)
  eden space 34304K, 96% used [0x00000000d5580000,0x00000000d75d9fc8,0x00000000d7700000)
  from space 512K, 62% used [0x00000000d7780000,0x00000000d77d0000,0x00000000d7800000)
  to   space 512K, 0% used [0x00000000d7700000,0x00000000d7700000,0x00000000d7780000)
 ParOldGen       total 228352K, used 174299K [0x0000000080000000, 0x000000008df00000, 0x00000000d5580000)
  object space 228352K, 76% used [0x0000000080000000,0x000000008aa36f88,0x000000008df00000)
GC Heap Usage History (20 events):
Event: 137.683 {heap Before GC invocations=175 (full 4):
 PSYoungGen      total 32768K, used 32674K [0x00000000d5580000, 0x00000000d8180000, 0x0000000100000000)
  eden space 27648K, 99% used [0x00000000d5580000,0x00000000d707eb60,0x00000000d7080000)
  from space 5120K, 98% used [0x00000000d7c80000,0x00000000d8169fe8,0x00000000d8180000)
  to   space 7168K, 0% used [0x00000000d7380000,0x00000000d7380000,0x00000000d7a80000)
 ParOldGen       total 228352K, used 139658K [0x0000000080000000, 0x000000008df00000, 0x00000000d5580Event: 137.686 {heap After GC invocations=175 (full 4):
 PSYoungGen      total 34304K, used 7141K [0x00000000d5580000, 0x00000000d8400000, 0x0000000100000000)
  eden space 27136K, 0% used [0x00000000d5580000,0x00000000d5580000,0x00000000d7000000)
  from space 7168K, 99% used [0x00000000d7380000,0x00000000d7a79490,0x00000000d7a80000)
  to   space 9728K, 0% used [0x00000000d7a80000,0x00000000d7a80000,0x00000000d8400000)
 ParOldGen       total 228352K, used 141786K [0x0000000080000000, 0x000000008df00000, 0x00000000d5580000Event: 138.215 {heap Before GC invocations=176 (full 4):
 PSYoungGen      total 34304K, used 28892K [0x00000000d5580000, 0x00000000d8400000, 0x0000000100000000)
  eden space 27136K, 80% used [0x00000000d5580000,0x00000000d6abde30,0x00000000d7000000)
  from space 7168K, 99% used [0x00000000d7380000,0x00000000d7a79490,0x00000000d7a80000)
  to   space 9728K, 0% used [0x00000000d7a80000,0x00000000d7a80000,0x00000000d8400000)
 ParOldGen       total 228352K, used 141786K [0x0000000080000000, 0x000000008df00000, 0x00000000d5580Event: 138.218 {heap After GC invocations=176 (full 4):
 PSYoungGen      total 31232K, used 4191K [0x00000000d5580000, 0x00000000d7f00000, 0x0000000100000000)
  eden space 26624K, 0% used [0x00000000d5580000,0x00000000d5580000,0x00000000d6f80000)
  from space 4608K, 90% used [0x00000000d7a80000,0x00000000d7e97fe8,0x00000000d7f00000)
  to   space 6144K, 0% used [0x00000000d7300000,0x00000000d7300000,0x00000000d7900000)
 ParOldGen       total 228352K, used 146877K [0x0000000080000000, 0x000000008df00000, 0x00000000d5580000Event: 138.219 {heap Before GC invocations=177 (full 4):
 PSYoungGen      total 31232K, used 23494K [0x00000000d5580000, 0x00000000d7f00000, 0x0000000100000000)
  eden space 26624K, 72% used [0x00000000d5580000,0x00000000d6859c10,0x00000000d6f80000)
  from space 4608K, 90% used [0x00000000d7a80000,0x00000000d7e97fe8,0x00000000d7f00000)
  to   space 6144K, 0% used [0x00000000d7300000,0x00000000d7300000,0x00000000d7900000)
 ParOldGen       total 228352K, used 146877K [0x0000000080000000, 0x000000008df00000, 0x00000000d5580Event: 138.223 {heap After GC invocations=177 (full 4):
 PSYoungGen      total 36352K, used 32K [0x00000000d5580000, 0x00000000d7b00000, 0x0000000100000000)
  eden space 30208K, 0% used [0x00000000d5580000,0x00000000d5580000,0x00000000d7300000)
  from space 6144K, 0% used [0x00000000d7300000,0x00000000d7308000,0x00000000d7900000)
  to   space 2048K, 0% used [0x00000000d7900000,0x00000000d7900000,0x00000000d7b00000)
 ParOldGen       total 228352K, used 170261K [0x0000000080000000, 0x000000008df00000, 0x00000000d5580000)
 Event: 139.364 {heap Before GC invocations=178 (full 4):
 PSYoungGen      total 36352K, used 30240K [0x00000000d5580000, 0x00000000d7b00000, 0x0000000100000000)
  eden space 30208K, 100% used [0x00000000d5580000,0x00000000d7300000,0x00000000d7300000)
  from space 6144K, 0% used [0x00000000d7300000,0x00000000d7308000,0x00000000d7900000)
  to   space 2048K, 0% used [0x00000000d7900000,0x00000000d7900000,0x00000000d7b00000)
 ParOldGen       total 228352K, used 170261K [0x0000000080000000, 0x000000008df00000, 0x00000000d5580Event: 139.365 {heap After GC invocations=178 (full 4):
 PSYoungGen      total 31744K, used 1844K [0x00000000d5580000, 0x00000000d7b00000, 0x0000000100000000)
  eden space 29696K, 0% used [0x00000000d5580000,0x00000000d5580000,0x00000000d7280000)
  from space 2048K, 90% used [0x00000000d7900000,0x00000000d7acd208,0x00000000d7b00000)
  to   space 2560K, 0% used [0x00000000d7600000,0x00000000d7600000,0x00000000d7880000)
 ParOldGen       total 228352K, used 170261K [0x0000000080000000, 0x000000008df00000, 0x00000000d5580000Event: 141.933 {heap Before GC invocations=179 (full 4):
 PSYoungGen      total 31744K, used 31540K [0x00000000d5580000, 0x00000000d7b00000, 0x0000000100000000)
  eden space 29696K, 100% used [0x00000000d5580000,0x00000000d7280000,0x00000000d7280000)
  from space 2048K, 90% used [0x00000000d7900000,0x00000000d7acd208,0x00000000d7b00000)
  to   space 2560K, 0% used [0x00000000d7600000,0x00000000d7600000,0x00000000d7880000)
 ParOldGen       total 228352K, used 170261K [0x0000000080000000, 0x000000008df00000, 0x00000000d558Event: 141.935 {heap After GC invocations=179 (full 4):
 PSYoungGen      total 35328K, used 1609K [0x00000000d5580000, 0x00000000d7980000, 0x0000000100000000)
  eden space 33280K, 0% used [0x00000000d5580000,0x00000000d5580000,0x00000000d7600000)
  from space 2048K, 78% used [0x00000000d7600000,0x00000000d7792440,0x00000000d7800000)
  to   space 1536K, 0% used [0x00000000d7800000,0x00000000d7800000,0x00000000d7980000)
 ParOldGen       total 228352K, used 170490K [0x0000000080000000, 0x000000008df00000, 0x00000000d5580000Event: 144.271 {heap Before GC invocations=180 (full 4):
 PSYoungGen      total 35328K, used 34889K [0x00000000d5580000, 0x00000000d7980000, 0x0000000100000000)
  eden space 33280K, 100% used [0x00000000d5580000,0x00000000d7600000,0x00000000d7600000)
  from space 2048K, 78% used [0x00000000d7600000,0x00000000d7792440,0x00000000d7800000)
  to   space 1536K, 0% used [0x00000000d7800000,0x00000000d7800000,0x00000000d7980000)
 ParOldGen       total 228352K, used 170490K [0x0000000080000000, 0x000000008df00000, 0x00000000d558Event: 144.272 {heap After GC invocations=180 (full 4):
 PSYoungGen      total 34304K, used 1033K [0x00000000d5580000, 0x00000000d7980000, 0x0000000100000000)
  eden space 32768K, 0% used [0x00000000d5580000,0x00000000d5580000,0x00000000d7580000)
  from space 1536K, 67% used [0x00000000d7800000,0x00000000d7902440,0x00000000d7980000)
  to   space 1536K, 0% used [0x00000000d7680000,0x00000000d7680000,0x00000000d7800000)
 ParOldGen       total 228352K, used 171498K [0x0000000080000000, 0x000000008df00000, 0x00000000d5580000Event: 145.330 {heap Before GC invocations=181 (full 4):
 PSYoungGen      total 34304K, used 33801K [0x00000000d5580000, 0x00000000d7980000, 0x0000000100000000)
  eden space 32768K, 100% used [0x00000000d5580000,0x00000000d7580000,0x00000000d7580000)
  from space 1536K, 67% used [0x00000000d7800000,0x00000000d7902440,0x00000000d7980000)
  to   space 1536K, 0% used [0x00000000d7680000,0x00000000d7680000,0x00000000d7800000)
 ParOldGen       total 228352K, used 171498K [0x0000000080000000, 0x000000008df00000, 0x00000000d558Event: 145.331 {heap After GC invocations=181 (full 4):
 PSYoungGen      total 33792K, used 1529K [0x00000000d5580000, 0x00000000d7a00000, 0x0000000100000000)
  eden space 32256K, 0% used [0x00000000d5580000,0x00000000d5580000,0x00000000d7500000)
  from space 1536K, 99% used [0x00000000d7680000,0x00000000d77fe430,0x00000000d7800000)
  to   space 2048K, 0% used [0x00000000d7800000,0x00000000d7800000,0x00000000d7a00000)
 ParOldGen       total 228352K, used 172247K [0x0000000080000000, 0x000000008df00000, 0x00000000d5580000Event: 146.118 {heap Before GC invocations=182 (full 4):
 PSYoungGen      total 33792K, used 33785K [0x00000000d5580000, 0x00000000d7a00000, 0x0000000100000000)
  eden space 32256K, 100% used [0x00000000d5580000,0x00000000d7500000,0x00000000d7500000)
  from space 1536K, 99% used [0x00000000d7680000,0x00000000d77fe430,0x00000000d7800000)
  to   space 2048K, 0% used [0x00000000d7800000,0x00000000d7800000,0x00000000d7a00000)
 ParOldGen       total 228352K, used 172247K [0x0000000080000000, 0x000000008df00000, 0x00000000d558Event: 146.119 {heap After GC invocations=182 (full 4):
 PSYoungGen      total 33280K, used 1204K [0x00000000d5580000, 0x00000000d7980000, 0x0000000100000000)
  eden space 31744K, 0% used [0x00000000d5580000,0x00000000d5580000,0x00000000d7480000)
  from space 1536K, 78% used [0x00000000d7800000,0x00000000d792d240,0x00000000d7980000)
  to   space 2048K, 0% used [0x00000000d7580000,0x00000000d7580000,0x00000000d7780000)
 ParOldGen       total 228352K, used 173219K [0x0000000080000000, 0x000000008df00000, 0x00000000d5580000Event: 164.289 {heap Before GC invocations=183 (full 4):
 PSYoungGen      total 33280K, used 32948K [0x00000000d5580000, 0x00000000d7980000, 0x0000000100000000)
  eden space 31744K, 100% used [0x00000000d5580000,0x00000000d7480000,0x00000000d7480000)
  from space 1536K, 78% used [0x00000000d7800000,0x00000000d792d240,0x00000000d7980000)
  to   space 2048K, 0% used [0x00000000d7580000,0x00000000d7580000,0x00000000d7780000)
 ParOldGen       total 228352K, used 173219K [0x0000000080000000, 0x000000008df00000, 0x00000000d558Event: 164.290 {heap After GC invocations=183 (full 4):
 PSYoungGen      total 34816K, used 384K [0x00000000d5580000, 0x00000000d7880000, 0x0000000100000000)
  eden space 32768K, 0% used [0x00000000d5580000,0x00000000d5580000,0x00000000d7580000)
  from space 2048K, 18% used [0x00000000d7580000,0x00000000d75e0000,0x00000000d7780000)
  to   space 1024K, 0% used [0x00000000d7780000,0x00000000d7780000,0x00000000d7880000)
 ParOldGen       total 228352K, used 174093K [0x0000000080000000, 0x000000008df00000, 0x00000000d5580000)Event: 164.964 {heap Before GC invocations=184 (full 4):
 PSYoungGen      total 34816K, used 33152K [0x00000000d5580000, 0x00000000d7880000, 0x0000000100000000)
  eden space 32768K, 100% used [0x00000000d5580000,0x00000000d7580000,0x00000000d7580000)
  from space 2048K, 18% used [0x00000000d7580000,0x00000000d75e0000,0x00000000d7780000)
  to   space 1024K, 0% used [0x00000000d7780000,0x00000000d7780000,0x00000000d7880000)
 ParOldGen       total 228352K, used 174093K [0x0000000080000000, 0x000000008df00000, 0x00000000d558Event: 164.965 {heap After GC invocations=184 (full 4):
 PSYoungGen      total 34816K, used 320K [0x00000000d5580000, 0x00000000d7800000, 0x0000000100000000)
  eden space 34304K, 0% used [0x00000000d5580000,0x00000000d5580000,0x00000000d7700000)
  from space 512K, 62% used [0x00000000d7780000,0x00000000d77d0000,0x00000000d7800000)
  to   space 512K, 0% used [0x00000000d7700000,0x00000000d7700000,0x00000000d7780000)
 ParOldGen       total 228352K, used 174299K [0x0000000080000000, 0x000000008df00000, 0x00000000d5580000)
 
Metaspace Usage History (20 events):
Event: 137.683 {metaspace Before GC invocations=175 (full 4):
 Metaspace       used 81746K, committed 83264K, reserved 1179648K
  class space    used 7175K, committed 7808K, reserved 1048576K
}
Event: 137.686 {metaspace After GC invocations=175 (full 4):
 Metaspace       used 81746K, committed 83264K, reserved 1179648K
  class space    used 7175K, committed 7808K, reserved 1048576K
}
Event: 138.215 {metaspace Before GC invocations=176 (full 4):
 Metaspace       used 81853K, committed 83328K, reserved 1179648K
  class space    used 7186K, committed 7808K, reserved 1048576K
}
Event: 138.218 {metaspace After GC invocations=176 (full 4):
 Metaspace       used 81853K, committed 83328K, reserved 1179648K
  class space    used 7186K, committed 7808K, reserved 1048576K
}
Event: 138.219 {metaspace Before GC invocations=177 (full 4):
 Metaspace       used 81853K, committed 83328K, reserved 1179648K
  class space    used 7186K, committed 7808K, reserved 1048576K
}
Event: 138.223 {metaspace After GC invocations=177 (full 4):
 Metaspace       used 81853K, committed 83328K, reserved 1179648K
  class space    used 7186K, committed 7808K, reserved 1048576K
}
Event: 139.364 {metaspace Before GC invocations=178 (full 4):
 Metaspace       used 81917K, committed 83392K, reserved 1179648K
  class space    used 7187K, committed 7808K, reserved 1048576K
}
Event: 139.365 {metaspace After GC invocations=178 (full 4):
 Metaspace       used 81917K, committed 83392K, reserved 1179648K
  class space    used 7187K, committed 7808K, reserved 1048576K
}
Event: 141.933 {metaspace Before GC invocations=179 (full 4):
 Metaspace       used 81936K, committed 83392K, reserved 1179648K
  class space    used 7188K, committed 7808K, reserved 1048576K
}
Event: 141.936 {metaspace After GC invocations=179 (full 4):
 Metaspace       used 81936K, committed 83392K, reserved 1179648K
  class space    used 7188K, committed 7808K, reserved 1048576K
}
Event: 144.272 {metaspace Before GC invocations=180 (full 4):
 Metaspace       used 81995K, committed 83456K, reserved 1179648K
  class space    used 7191K, committed 7808K, reserved 1048576K
}
Event: 144.272 {metaspace After GC invocations=180 (full 4):
 Metaspace       used 81995K, committed 83456K, reserved 1179648K
  class space    used 7191K, committed 7808K, reserved 1048576K
}
Event: 145.330 {metaspace Before GC invocations=181 (full 4):
 Metaspace       used 82907K, committed 84480K, reserved 1179648K
  class space    used 7326K, committed 8000K, reserved 1048576K
}
Event: 145.331 {metaspace After GC invocations=181 (full 4):
 Metaspace       used 82907K, committed 84480K, reserved 1179648K
  class space    used 7326K, committed 8000K, reserved 1048576K
}
Event: 146.118 {metaspace Before GC invocations=182 (full 4):
 Metaspace       used 83056K, committed 84608K, reserved 1179648K
  class space    used 7329K, committed 8000K, reserved 1048576K
}
Event: 146.119 {metaspace After GC invocations=182 (full 4):
 Metaspace       used 83056K, committed 84608K, reserved 1179648K
  class space    used 7329K, committed 8000K, reserved 1048576K
}
Event: 164.289 {metaspace Before GC invocations=183 (full 4):
 Metaspace       used 83647K, committed 85248K, reserved 1179648K
  class space    used 7384K, committed 8064K, reserved 1048576K
}
Event: 164.290 {metaspace After GC invocations=183 (full 4):
 Metaspace       used 83647K, committed 85248K, reserved 1179648K
  class space    used 7384K, committed 8064K, reserved 1048576K
}
Event: 164.964 {metaspace Before GC invocations=184 (full 4):
 Metaspace       used 83758K, committed 85312K, reserved 1179648K
  class space    used 7396K, committed 8064K, reserved 1048576K
}
Event: 164.965 {metaspace After GC invocations=184 (full 4):
 Metaspace       used 83758K, committed 85312K, reserved 1179648K
  class space    used 7396K, committed 8064K, reserved 1048576K
}

