# JRE version: Java(TM) SE Runtime Environment (25.0+37) (build 25+37-LTS-3491)
# Java VM: Java HotSpot(TM) 64-Bit Server VM (25+37-LTS-3491, mixed mode, sharing, tiered, compressed oops, compressed class ptrs, parallel gc, windows-amd64)
GC Precious Log:
 CardTable entry size: 512
 CPUs: 12 total, 12 available
 Memory: 16080M
 Large Page Support: Disabled
 NUMA Support: Disabled
 Compressed Oops: Enabled (32-bit)
 Alignments: Space 512K, Generation 512K, Heap 2M
 Heap Min Capacity: 100M
 Heap Initial Capacity: 100M
 Heap Max Capacity: 2G
 Pre-touch: Disabled
 Parallel Workers: 10
Heap:
 PSYoungGen      total 39424K, used 2654K [0x00000000d5580000, 0x00000000d8600000, 0x0000000100000000)
  eden space 37888K, 2% used [0x00000000d5580000,0x00000000d5698168,0x00000000d7a80000)
  from space 1536K, 99% used [0x00000000d8480000,0x00000000d85ff790,0x00000000d8600000)
  to   space 4096K, 0% used [0x00000000d7e00000,0x00000000d7e00000,0x00000000d8200000)
 ParOldGen       total 977920K, used 847293K [0x0000000080000000, 0x00000000bbb00000, 0x00000000d5580000)
  object space 977920K, 86% used [0x0000000080000000,0x00000000b3b6f7b0,0x00000000bbb00000)
GC Heap Usage History (20 events):
Event: 947.846 {heap Before GC invocations=1092 (full 5):
 PSYoungGen      total 49152K, used 48928K [0x00000000d5580000, 0x00000000d8600000, 0x0000000100000000)
  eden space 48640K, 100% used [0x00000000d5580000,0x00000000d8500000,0x00000000d8500000)
  from space 512K, 56% used [0x00000000d8580000,0x00000000d85c8000,0x00000000d8600000)
  to   space 512K, 0% used [0x00000000d8500000,0x00000000d8500000,0x00000000d8580000)
 ParOldGen       total 977920K, used 830918K [0x0000000080000000, 0x00000000bbb00000, 0x00000000d5580Event: 947.849 {heap After GC invocations=1092 (full 5):
 PSYoungGen      total 47616K, used 500K [0x00000000d5580000, 0x00000000d8a80000, 0x0000000100000000)
  eden space 47104K, 0% used [0x00000000d5580000,0x00000000d5580000,0x00000000d8380000)
  from space 512K, 97% used [0x00000000d8500000,0x00000000d857d230,0x00000000d8580000)
  to   space 3584K, 0% used [0x00000000d8700000,0x00000000d8700000,0x00000000d8a80000)
 ParOldGen       total 977920K, used 833158K [0x0000000080000000, 0x00000000bbb00000, 0x00000000d5580000)Event: 948.380 {heap Before GC invocations=1093 (full 5):
 PSYoungGen      total 47616K, used 47604K [0x00000000d5580000, 0x00000000d8a80000, 0x0000000100000000)
  eden space 47104K, 100% used [0x00000000d5580000,0x00000000d8380000,0x00000000d8380000)
  from space 512K, 97% used [0x00000000d8500000,0x00000000d857d230,0x00000000d8580000)
  to   space 3584K, 0% used [0x00000000d8700000,0x00000000d8700000,0x00000000d8a80000)
 ParOldGen       total 977920K, used 833158K [0x0000000080000000, 0x00000000bbb00000, 0x00000000d558Event: 948.382 {heap After GC invocations=1093 (full 5):
 PSYoungGen      total 46592K, used 448K [0x00000000d5580000, 0x00000000d8780000, 0x0000000100000000)
  eden space 46080K, 0% used [0x00000000d5580000,0x00000000d5580000,0x00000000d8280000)
  from space 512K, 87% used [0x00000000d8700000,0x00000000d8770020,0x00000000d8780000)
  to   space 1536K, 0% used [0x00000000d8480000,0x00000000d8480000,0x00000000d8600000)
 ParOldGen       total 977920K, used 833598K [0x0000000080000000, 0x00000000bbb00000, 0x00000000d5580000)Event: 983.884 {heap Before GC invocations=1094 (full 5):
 PSYoungGen      total 46592K, used 45986K [0x00000000d5580000, 0x00000000d8780000, 0x0000000100000000)
  eden space 46080K, 98% used [0x00000000d5580000,0x00000000d81f88d0,0x00000000d8280000)
  from space 512K, 87% used [0x00000000d8700000,0x00000000d8770020,0x00000000d8780000)
  to   space 1536K, 0% used [0x00000000d8480000,0x00000000d8480000,0x00000000d8600000)
 ParOldGen       total 977920K, used 833598K [0x0000000080000000, 0x00000000bbb00000, 0x00000000d5580Event: 983.896 {heap After GC invocations=1094 (full 5):
 PSYoungGen      total 46592K, used 1509K [0x00000000d5580000, 0x00000000d8b80000, 0x0000000100000000)
  eden space 45056K, 0% used [0x00000000d5580000,0x00000000d5580000,0x00000000d8180000)
  from space 1536K, 98% used [0x00000000d8480000,0x00000000d85f9530,0x00000000d8600000)
  to   space 5120K, 0% used [0x00000000d8680000,0x00000000d8680000,0x00000000d8b80000)
 ParOldGen       total 977920K, used 836142K [0x0000000080000000, 0x00000000bbb00000, 0x00000000d558000Event: 994.287 {heap Before GC invocations=1095 (full 5):
 PSYoungGen      total 46592K, used 46565K [0x00000000d5580000, 0x00000000d8b80000, 0x0000000100000000)
  eden space 45056K, 100% used [0x00000000d5580000,0x00000000d8180000,0x00000000d8180000)
  from space 1536K, 98% used [0x00000000d8480000,0x00000000d85f9530,0x00000000d8600000)
  to   space 5120K, 0% used [0x00000000d8680000,0x00000000d8680000,0x00000000d8b80000)
 ParOldGen       total 977920K, used 836142K [0x0000000080000000, 0x00000000bbb00000, 0x00000000d55Event: 994.301 {heap After GC invocations=1095 (full 5):
 PSYoungGen      total 44544K, used 480K [0x00000000d5580000, 0x00000000d8700000, 0x0000000100000000)
  eden space 44032K, 0% used [0x00000000d5580000,0x00000000d5580000,0x00000000d8080000)
  from space 512K, 93% used [0x00000000d8680000,0x00000000d86f8000,0x00000000d8700000)
  to   space 2048K, 0% used [0x00000000d8300000,0x00000000d8300000,0x00000000d8500000)
 ParOldGen       total 977920K, used 836806K [0x0000000080000000, 0x00000000bbb00000, 0x00000000d5580000)Event: 1012.988 {heap Before GC invocations=1096 (full 5):
 PSYoungGen      total 44544K, used 44512K [0x00000000d5580000, 0x00000000d8700000, 0x0000000100000000)
  eden space 44032K, 100% used [0x00000000d5580000,0x00000000d8080000,0x00000000d8080000)
  from space 512K, 93% used [0x00000000d8680000,0x00000000d86f8000,0x00000000d8700000)
  to   space 2048K, 0% used [0x00000000d8300000,0x00000000d8300000,0x00000000d8500000)
 ParOldGen       total 977920K, used 836806K [0x0000000080000000, 0x00000000bbb00000, 0x00000000d558Event: 1012.990 {heap After GC invocations=1096 (full 5):
 PSYoungGen      total 45056K, used 1422K [0x00000000d5580000, 0x00000000d8700000, 0x0000000100000000)
  eden space 43008K, 0% used [0x00000000d5580000,0x00000000d5580000,0x00000000d7f80000)
  from space 2048K, 69% used [0x00000000d8300000,0x00000000d8463860,0x00000000d8500000)
  to   space 2048K, 0% used [0x00000000d8500000,0x00000000d8500000,0x00000000d8700000)
 ParOldGen       total 977920K, used 837142K [0x0000000080000000, 0x00000000bbb00000, 0x00000000d558000Event: 1013.404 {heap Before GC invocations=1097 (full 5):
 PSYoungGen      total 45056K, used 44430K [0x00000000d5580000, 0x00000000d8700000, 0x0000000100000000)
  eden space 43008K, 100% used [0x00000000d5580000,0x00000000d7f80000,0x00000000d7f80000)
  from space 2048K, 69% used [0x00000000d8300000,0x00000000d8463860,0x00000000d8500000)
  to   space 2048K, 0% used [0x00000000d8500000,0x00000000d8500000,0x00000000d8700000)
 ParOldGen       total 977920K, used 837142K [0x0000000080000000, 0x00000000bbb00000, 0x00000000d55Event: 1013.411 {heap After GC invocations=1097 (full 5):
 PSYoungGen      total 44032K, used 1598K [0x00000000d5580000, 0x00000000d8700000, 0x0000000100000000)
  eden space 41984K, 0% used [0x00000000d5580000,0x00000000d5580000,0x00000000d7e80000)
  from space 2048K, 78% used [0x00000000d8500000,0x00000000d868fb30,0x00000000d8700000)
  to   space 2048K, 0% used [0x00000000d8300000,0x00000000d8300000,0x00000000d8500000)
 ParOldGen       total 977920K, used 838413K [0x0000000080000000, 0x00000000bbb00000, 0x00000000d558000Event: 1014.227 {heap Before GC invocations=1098 (full 5):
 PSYoungGen      total 44032K, used 43582K [0x00000000d5580000, 0x00000000d8700000, 0x0000000100000000)
  eden space 41984K, 100% used [0x00000000d5580000,0x00000000d7e80000,0x00000000d7e80000)
  from space 2048K, 78% used [0x00000000d8500000,0x00000000d868fb30,0x00000000d8700000)
  to   space 2048K, 0% used [0x00000000d8300000,0x00000000d8300000,0x00000000d8500000)
 ParOldGen       total 977920K, used 838413K [0x0000000080000000, 0x00000000bbb00000, 0x00000000d55Event: 1014.244 {heap After GC invocations=1098 (full 5):
 PSYoungGen      total 41472K, used 499K [0x00000000d5580000, 0x00000000d8580000, 0x0000000100000000)
  eden space 40960K, 0% used [0x00000000d5580000,0x00000000d5580000,0x00000000d7d80000)
  from space 512K, 97% used [0x00000000d8300000,0x00000000d837cf60,0x00000000d8380000)
  to   space 1024K, 0% used [0x00000000d8480000,0x00000000d8480000,0x00000000d8580000)
 ParOldGen       total 977920K, used 839727K [0x0000000080000000, 0x00000000bbb00000, 0x00000000d5580000)Event: 1019.385 {heap Before GC invocations=1099 (full 5):
 PSYoungGen      total 41472K, used 41454K [0x00000000d5580000, 0x00000000d8580000, 0x0000000100000000)
  eden space 40960K, 99% used [0x00000000d5580000,0x00000000d7d7e9c0,0x00000000d7d80000)
  from space 512K, 97% used [0x00000000d8300000,0x00000000d837cf60,0x00000000d8380000)
  to   space 1024K, 0% used [0x00000000d8480000,0x00000000d8480000,0x00000000d8580000)
 ParOldGen       total 977920K, used 839727K [0x0000000080000000, 0x00000000bbb00000, 0x00000000d5580Event: 1019.388 {heap After GC invocations=1099 (full 5):
 PSYoungGen      total 40448K, used 224K [0x00000000d5580000, 0x00000000d8500000, 0x0000000100000000)
  eden space 39936K, 0% used [0x00000000d5580000,0x00000000d5580000,0x00000000d7c80000)
  from space 512K, 43% used [0x00000000d8480000,0x00000000d84b8000,0x00000000d8500000)
  to   space 512K, 0% used [0x00000000d8400000,0x00000000d8400000,0x00000000d8480000)
 ParOldGen       total 977920K, used 839791K [0x0000000080000000, 0x00000000bbb00000, 0x00000000d5580000)
Event: 1019.604 {heap Before GC invocations=1100 (full 5):
 PSYoungGen      total 40448K, used 40160K [0x00000000d5580000, 0x00000000d8500000, 0x0000000100000000)
  eden space 39936K, 100% used [0x00000000d5580000,0x00000000d7c80000,0x00000000d7c80000)
  from space 512K, 43% used [0x00000000d8480000,0x00000000d84b8000,0x00000000d8500000)
  to   space 512K, 0% used [0x00000000d8400000,0x00000000d8400000,0x00000000d8480000)
 ParOldGen       total 977920K, used 839791K [0x0000000080000000, 0x00000000bbb00000, 0x00000000d5580Event: 1019.608 {heap After GC invocations=1100 (full 5):
 PSYoungGen      total 39424K, used 493K [0x00000000d5580000, 0x00000000d8d80000, 0x0000000100000000)
  eden space 38912K, 0% used [0x00000000d5580000,0x00000000d5580000,0x00000000d7b80000)
  from space 512K, 96% used [0x00000000d8400000,0x00000000d847b4e8,0x00000000d8480000)
  to   space 9216K, 0% used [0x00000000d8480000,0x00000000d8480000,0x00000000d8d80000)
 ParOldGen       total 977920K, used 846872K [0x0000000080000000, 0x00000000bbb00000, 0x00000000d5580000)Event: 1020.354 {heap Before GC invocations=1101 (full 5):
 PSYoungGen      total 39424K, used 39390K [0x00000000d5580000, 0x00000000d8d80000, 0x0000000100000000)
  eden space 38912K, 99% used [0x00000000d5580000,0x00000000d7b7c6c8,0x00000000d7b80000)
  from space 512K, 96% used [0x00000000d8400000,0x00000000d847b4e8,0x00000000d8480000)
  to   space 9216K, 0% used [0x00000000d8480000,0x00000000d8480000,0x00000000d8d80000)
 ParOldGen       total 977920K, used 846872K [0x0000000080000000, 0x00000000bbb00000, 0x00000000d5580Event: 1020.356 {heap After GC invocations=1101 (full 5):
 PSYoungGen      total 39424K, used 1533K [0x00000000d5580000, 0x00000000d8600000, 0x0000000100000000)
  eden space 37888K, 0% used [0x00000000d5580000,0x00000000d5580000,0x00000000d7a80000)
  from space 1536K, 99% used [0x00000000d8480000,0x00000000d85ff790,0x00000000d8600000)
  to   space 4096K, 0% used [0x00000000d7e00000,0x00000000d7e00000,0x00000000d8200000)
 ParOldGen       total 977920K, used 847293K [0x0000000080000000, 0x00000000bbb00000, 0x00000000d558000
Metaspace Usage History (20 events):
Event: 947.846 {metaspace Before GC invocations=1092 (full 5):
 Metaspace       used 95587K, committed 97344K, reserved 1179648K
  class space    used 8288K, committed 9088K, reserved 1048576K
}
Event: 947.850 {metaspace After GC invocations=1092 (full 5):
 Metaspace       used 95587K, committed 97344K, reserved 1179648K
  class space    used 8288K, committed 9088K, reserved 1048576K
}
Event: 948.380 {metaspace Before GC invocations=1093 (full 5):
 Metaspace       used 95587K, committed 97344K, reserved 1179648K
  class space    used 8288K, committed 9088K, reserved 1048576K
}
Event: 948.382 {metaspace After GC invocations=1093 (full 5):
 Metaspace       used 95587K, committed 97344K, reserved 1179648K
  class space    used 8288K, committed 9088K, reserved 1048576K
}
Event: 983.884 {metaspace Before GC invocations=1094 (full 5):
 Metaspace       used 95596K, committed 97344K, reserved 1179648K
  class space    used 8288K, committed 9088K, reserved 1048576K
}
Event: 983.896 {metaspace After GC invocations=1094 (full 5):
 Metaspace       used 95596K, committed 97344K, reserved 1179648K
  class space    used 8288K, committed 9088K, reserved 1048576K
}
Event: 994.287 {metaspace Before GC invocations=1095 (full 5):
 Metaspace       used 95596K, committed 97344K, reserved 1179648K
  class space    used 8288K, committed 9088K, reserved 1048576K
}
Event: 994.301 {metaspace After GC invocations=1095 (full 5):
 Metaspace       used 95596K, committed 97344K, reserved 1179648K
  class space    used 8288K, committed 9088K, reserved 1048576K
}
Event: 1012.988 {metaspace Before GC invocations=1096 (full 5):
 Metaspace       used 95596K, committed 97344K, reserved 1179648K
  class space    used 8288K, committed 9088K, reserved 1048576K
}
Event: 1012.990 {metaspace After GC invocations=1096 (full 5):
 Metaspace       used 95596K, committed 97344K, reserved 1179648K
  class space    used 8288K, committed 9088K, reserved 1048576K
}
Event: 1013.404 {metaspace Before GC invocations=1097 (full 5):
 Metaspace       used 95596K, committed 97344K, reserved 1179648K
  class space    used 8288K, committed 9088K, reserved 1048576K
}
Event: 1013.411 {metaspace After GC invocations=1097 (full 5):
 Metaspace       used 95596K, committed 97344K, reserved 1179648K
  class space    used 8288K, committed 9088K, reserved 1048576K
}
Event: 1014.227 {metaspace Before GC invocations=1098 (full 5):
 Metaspace       used 95612K, committed 97344K, reserved 1179648K
  class space    used 8288K, committed 9088K, reserved 1048576K
}
Event: 1014.244 {metaspace After GC invocations=1098 (full 5):
 Metaspace       used 95612K, committed 97344K, reserved 1179648K
  class space    used 8288K, committed 9088K, reserved 1048576K
}
Event: 1019.385 {metaspace Before GC invocations=1099 (full 5):
 Metaspace       used 95633K, committed 97344K, reserved 1179648K
  class space    used 8291K, committed 9088K, reserved 1048576K
}
Event: 1019.388 {metaspace After GC invocations=1099 (full 5):
 Metaspace       used 95633K, committed 97344K, reserved 1179648K
  class space    used 8291K, committed 9088K, reserved 1048576K
}
Event: 1019.604 {metaspace Before GC invocations=1100 (full 5):
 Metaspace       used 95813K, committed 97664K, reserved 1179648K
  class space    used 8314K, committed 9152K, reserved 1048576K
}
Event: 1019.608 {metaspace After GC invocations=1100 (full 5):
 Metaspace       used 95813K, committed 97664K, reserved 1179648K
  class space    used 8314K, committed 9152K, reserved 1048576K
}
Event: 1020.354 {metaspace Before GC invocations=1101 (full 5):
 Metaspace       used 96818K, committed 99136K, reserved 1179648K
  class space    used 8528K, committed 9536K, reserved 1048576K
}
Event: 1020.356 {metaspace After GC invocations=1101 (full 5):
 Metaspace       used 96818K, committed 99136K, reserved 1179648K
  class space    used 8528K, committed 9536K, reserved 1048576K
}

