# JRE version: Java(TM) SE Runtime Environment (25.0+37) (build 25+37-LTS-3491)
# Java VM: Java HotSpot(TM) 64-Bit Server VM (25+37-LTS-3491, mixed mode, sharing, tiered, compressed oops, compressed class ptrs, parallel gc, windows-amd64)
GC Precious Log:
 CardTable entry size: 512
 CPUs: 12 total, 12 available
 Memory: 16080M
 Large Page Support: Disabled
 NUMA Support: Disabled
 Compressed Oops: Enabled (32-bit)
 Alignments: Space 512K, Generation 512K, Heap 2M
 Heap Min Capacity: 100M
 Heap Initial Capacity: 100M
 Heap Max Capacity: 2G
 Pre-touch: Disabled
 Parallel Workers: 10
Heap:
 PSYoungGen      total 31232K, used 17622K [0x00000000d5580000, 0x00000000d8900000, 0x0000000100000000)
  eden space 30720K, 55% used [0x00000000d5580000,0x00000000d663f510,0x00000000d7380000)
  from space 512K, 92% used [0x00000000d8880000,0x00000000d88f63d8,0x00000000d8900000)
  to   space 7168K, 0% used [0x00000000d7b00000,0x00000000d7b00000,0x00000000d8200000)
 ParOldGen       total 1246720K, used 1246435K [0x0000000080000000, 0x00000000cc180000, 0x00000000d5580000)
  object space 1246720K, 99% used [0x0000000080000000,0x00000000cc138f30,0x00000000cc180000)
GC Heap Usage History (20 events):
Event: 2245.808 {heap Before GC invocations=2252 (full 7):
 PSYoungGen      total 32768K, used 32224K [0x00000000d5580000, 0x00000000d7680000, 0x0000000100000000)
  eden space 31744K, 100% used [0x00000000d5580000,0x00000000d7480000,0x00000000d7480000)
  from space 1024K, 46% used [0x00000000d7580000,0x00000000d75f8020,0x00000000d7680000)
  to   space 1024K, 0% used [0x00000000d7480000,0x00000000d7480000,0x00000000d7580000)
 ParOldGen       total 1212416K, used 1212327K [0x0000000080000000, 0x00000000ca000000, 0x00000000dEvent: 2245.809 {heap After GC invocations=2252 (full 7):
 PSYoungGen      total 32256K, used 1012K [0x00000000d5580000, 0x00000000d7700000, 0x0000000100000000)
  eden space 31232K, 0% used [0x00000000d5580000,0x00000000d5580000,0x00000000d7400000)
  from space 1024K, 98% used [0x00000000d7480000,0x00000000d757d220,0x00000000d7580000)
  to   space 1536K, 0% used [0x00000000d7580000,0x00000000d7580000,0x00000000d7700000)
 ParOldGen       total 1212928K, used 1212439K [0x0000000080000000, 0x00000000ca080000, 0x00000000d5580Event: 2246.155 {heap Before GC invocations=2253 (full 7):
 PSYoungGen      total 32256K, used 32244K [0x00000000d5580000, 0x00000000d7700000, 0x0000000100000000)
  eden space 31232K, 100% used [0x00000000d5580000,0x00000000d7400000,0x00000000d7400000)
  from space 1024K, 98% used [0x00000000d7480000,0x00000000d757d220,0x00000000d7580000)
  to   space 1536K, 0% used [0x00000000d7580000,0x00000000d7580000,0x00000000d7700000)
 ParOldGen       total 1212928K, used 1212439K [0x0000000080000000, 0x00000000ca080000, 0x00000000dEvent: 2246.160 {heap After GC invocations=2253 (full 7):
 PSYoungGen      total 20992K, used 1531K [0x00000000d5580000, 0x00000000d8d80000, 0x0000000100000000)
  eden space 19456K, 0% used [0x00000000d5580000,0x00000000d5580000,0x00000000d6880000)
  from space 1536K, 99% used [0x00000000d7580000,0x00000000d76fef88,0x00000000d7700000)
  to   space 13312K, 0% used [0x00000000d6880000,0x00000000d6880000,0x00000000d7580000)
 ParOldGen       total 1222656K, used 1222368K [0x0000000080000000, 0x00000000caa00000, 0x00000000d558Event: 2246.204 {heap Before GC invocations=2254 (full 7):
 PSYoungGen      total 20992K, used 20987K [0x00000000d5580000, 0x00000000d8d80000, 0x0000000100000000)
  eden space 19456K, 100% used [0x00000000d5580000,0x00000000d6880000,0x00000000d6880000)
  from space 1536K, 99% used [0x00000000d7580000,0x00000000d76fef88,0x00000000d7700000)
  to   space 13312K, 0% used [0x00000000d6880000,0x00000000d6880000,0x00000000d7580000)
 ParOldGen       total 1222656K, used 1222368K [0x0000000080000000, 0x00000000caa00000, 0x00000000Event: 2246.206 {heap After GC invocations=2254 (full 7):
 PSYoungGen      total 20480K, used 917K [0x00000000d5580000, 0x00000000d7680000, 0x0000000100000000)
  eden space 19456K, 0% used [0x00000000d5580000,0x00000000d5580000,0x00000000d6880000)
  from space 1024K, 89% used [0x00000000d6880000,0x00000000d69654e8,0x00000000d6980000)
  to   space 5120K, 0% used [0x00000000d7180000,0x00000000d7180000,0x00000000d7680000)
 ParOldGen       total 1222656K, used 1222520K [0x0000000080000000, 0x00000000caa00000, 0x00000000d55800Event: 2250.213 {heap Before GC invocations=2255 (full 7):
 PSYoungGen      total 20480K, used 20373K [0x00000000d5580000, 0x00000000d7680000, 0x0000000100000000)
  eden space 19456K, 100% used [0x00000000d5580000,0x00000000d6880000,0x00000000d6880000)
  from space 1024K, 89% used [0x00000000d6880000,0x00000000d69654e8,0x00000000d6980000)
  to   space 5120K, 0% used [0x00000000d7180000,0x00000000d7180000,0x00000000d7680000)
 ParOldGen       total 1222656K, used 1222520K [0x0000000080000000, 0x00000000caa00000, 0x00000000dEvent: 2250.215 {heap After GC invocations=2255 (full 7):
 PSYoungGen      total 31232K, used 1817K [0x00000000d5580000, 0x00000000d7680000, 0x0000000100000000)
  eden space 26112K, 0% used [0x00000000d5580000,0x00000000d5580000,0x00000000d6f00000)
  from space 5120K, 35% used [0x00000000d7180000,0x00000000d7346718,0x00000000d7680000)
  to   space 2560K, 0% used [0x00000000d6f00000,0x00000000d6f00000,0x00000000d7180000)
 ParOldGen       total 1223680K, used 1223243K [0x0000000080000000, 0x00000000cab00000, 0x00000000d5580Event: 2250.399 {heap Before GC invocations=2256 (full 7):
 PSYoungGen      total 31232K, used 27896K [0x00000000d5580000, 0x00000000d7680000, 0x0000000100000000)
  eden space 26112K, 99% used [0x00000000d5580000,0x00000000d6ef7b48,0x00000000d6f00000)
  from space 5120K, 35% used [0x00000000d7180000,0x00000000d7346718,0x00000000d7680000)
  to   space 2560K, 0% used [0x00000000d6f00000,0x00000000d6f00000,0x00000000d7180000)
 ParOldGen       total 1223680K, used 1223243K [0x0000000080000000, 0x00000000cab00000, 0x00000000d5Event: 2250.403 {heap After GC invocations=2256 (full 7):
 PSYoungGen      total 28160K, used 2556K [0x00000000d5580000, 0x00000000d7b80000, 0x0000000100000000)
  eden space 25600K, 0% used [0x00000000d5580000,0x00000000d5580000,0x00000000d6e80000)
  from space 2560K, 99% used [0x00000000d6f00000,0x00000000d717f1d8,0x00000000d7180000)
  to   space 6656K, 0% used [0x00000000d7500000,0x00000000d7500000,0x00000000d7b80000)
 ParOldGen       total 1226752K, used 1226583K [0x0000000080000000, 0x00000000cae00000, 0x00000000d5580Event: 2250.482 {heap Before GC invocations=2257 (full 7):
 PSYoungGen      total 28160K, used 28156K [0x00000000d5580000, 0x00000000d7b80000, 0x0000000100000000)
  eden space 25600K, 100% used [0x00000000d5580000,0x00000000d6e80000,0x00000000d6e80000)
  from space 2560K, 99% used [0x00000000d6f00000,0x00000000d717f1d8,0x00000000d7180000)
  to   space 6656K, 0% used [0x00000000d7500000,0x00000000d7500000,0x00000000d7b80000)
 ParOldGen       total 1226752K, used 1226583K [0x0000000080000000, 0x00000000cae00000, 0x00000000dEvent: 2250.485 {heap After GC invocations=2257 (full 7):
 PSYoungGen      total 30208K, used 2057K [0x00000000d5580000, 0x00000000d7780000, 0x0000000100000000)
  eden space 27648K, 0% used [0x00000000d5580000,0x00000000d5580000,0x00000000d7080000)
  from space 2560K, 80% used [0x00000000d7500000,0x00000000d7702728,0x00000000d7780000)
  to   space 3584K, 0% used [0x00000000d7080000,0x00000000d7080000,0x00000000d7400000)
 ParOldGen       total 1227264K, used 1227103K [0x0000000080000000, 0x00000000cae80000, 0x00000000d5580Event: 2250.837 {heap Before GC invocations=2258 (full 7):
 PSYoungGen      total 30208K, used 29705K [0x00000000d5580000, 0x00000000d7780000, 0x0000000100000000)
  eden space 27648K, 100% used [0x00000000d5580000,0x00000000d7080000,0x00000000d7080000)
  from space 2560K, 80% used [0x00000000d7500000,0x00000000d7702728,0x00000000d7780000)
  to   space 3584K, 0% used [0x00000000d7080000,0x00000000d7080000,0x00000000d7400000)
 ParOldGen       total 1227264K, used 1227103K [0x0000000080000000, 0x00000000cae80000, 0x00000000dEvent: 2250.840 {heap After GC invocations=2258 (full 7):
 PSYoungGen      total 31232K, used 416K [0x00000000d5580000, 0x00000000d7680000, 0x0000000100000000)
  eden space 27648K, 0% used [0x00000000d5580000,0x00000000d5580000,0x00000000d7080000)
  from space 3584K, 11% used [0x00000000d7080000,0x00000000d70e8020,0x00000000d7400000)
  to   space 1536K, 0% used [0x00000000d7500000,0x00000000d7500000,0x00000000d7680000)
 ParOldGen       total 1228800K, used 1228436K [0x0000000080000000, 0x00000000cb000000, 0x00000000d55800Event: 2263.863 {heap Before GC invocations=2259 (full 7):
 PSYoungGen      total 31232K, used 27636K [0x00000000d5580000, 0x00000000d7680000, 0x0000000100000000)
  eden space 27648K, 98% used [0x00000000d5580000,0x00000000d7015140,0x00000000d7080000)
  from space 3584K, 11% used [0x00000000d7080000,0x00000000d70e8020,0x00000000d7400000)
  to   space 1536K, 0% used [0x00000000d7500000,0x00000000d7500000,0x00000000d7680000)
 ParOldGen       total 1228800K, used 1228436K [0x0000000080000000, 0x00000000cb000000, 0x00000000d5Event: 2263.867 {heap After GC invocations=2259 (full 7):
 PSYoungGen      total 33280K, used 224K [0x00000000d5580000, 0x00000000d7680000, 0x0000000100000000)
  eden space 31744K, 0% used [0x00000000d5580000,0x00000000d5580000,0x00000000d7480000)
  from space 1536K, 14% used [0x00000000d7500000,0x00000000d7538000,0x00000000d7680000)
  to   space 512K, 0% used [0x00000000d7480000,0x00000000d7480000,0x00000000d7500000)
 ParOldGen       total 1228800K, used 1228540K [0x0000000080000000, 0x00000000cb000000, 0x00000000d558000Event: 2264.122 {heap Before GC invocations=2260 (full 7):
 PSYoungGen      total 33280K, used 31391K [0x00000000d5580000, 0x00000000d7680000, 0x0000000100000000)
  eden space 31744K, 98% used [0x00000000d5580000,0x00000000d73efc88,0x00000000d7480000)
  from space 1536K, 14% used [0x00000000d7500000,0x00000000d7538000,0x00000000d7680000)
  to   space 512K, 0% used [0x00000000d7480000,0x00000000d7480000,0x00000000d7500000)
 ParOldGen       total 1228800K, used 1228540K [0x0000000080000000, 0x00000000cb000000, 0x00000000d55Event: 2264.132 {heap After GC invocations=2260 (full 7):
 PSYoungGen      total 31744K, used 493K [0x00000000d5580000, 0x00000000d9d00000, 0x0000000100000000)
  eden space 31232K, 0% used [0x00000000d5580000,0x00000000d5580000,0x00000000d7400000)
  from space 512K, 96% used [0x00000000d7480000,0x00000000d74fb4e8,0x00000000d7500000)
  to   space 20992K, 0% used [0x00000000d8880000,0x00000000d8880000,0x00000000d9d00000)
 ParOldGen       total 1246208K, used 1245999K [0x0000000080000000, 0x00000000cc100000, 0x00000000d55800Event: 2264.948 {heap Before GC invocations=2261 (full 7):
 PSYoungGen      total 31744K, used 31725K [0x00000000d5580000, 0x00000000d9d00000, 0x0000000100000000)
  eden space 31232K, 100% used [0x00000000d5580000,0x00000000d7400000,0x00000000d7400000)
  from space 512K, 96% used [0x00000000d7480000,0x00000000d74fb4e8,0x00000000d7500000)
  to   space 20992K, 0% used [0x00000000d8880000,0x00000000d8880000,0x00000000d9d00000)
 ParOldGen       total 1246208K, used 1245999K [0x0000000080000000, 0x00000000cc100000, 0x00000000dEvent: 2264.950 {heap After GC invocations=2261 (full 7):
 PSYoungGen      total 31232K, used 472K [0x00000000d5580000, 0x00000000d8900000, 0x0000000100000000)
  eden space 30720K, 0% used [0x00000000d5580000,0x00000000d5580000,0x00000000d7380000)
  from space 512K, 92% used [0x00000000d8880000,0x00000000d88f63d8,0x00000000d8900000)
  to   space 7168K, 0% used [0x00000000d7b00000,0x00000000d7b00000,0x00000000d8200000)
 ParOldGen       total 1246720K, used 1246435K [0x0000000080000000, 0x00000000cc180000, 0x00000000d558000
Metaspace Usage History (20 events):
Event: 2245.808 {metaspace Before GC invocations=2252 (full 7):
 Metaspace       used 95556K, committed 97216K, reserved 1179648K
  class space    used 8140K, committed 8960K, reserved 1048576K
}
Event: 2245.809 {metaspace After GC invocations=2252 (full 7):
 Metaspace       used 95556K, committed 97216K, reserved 1179648K
  class space    used 8140K, committed 8960K, reserved 1048576K
}
Event: 2246.155 {metaspace Before GC invocations=2253 (full 7):
 Metaspace       used 95556K, committed 97216K, reserved 1179648K
  class space    used 8140K, committed 8960K, reserved 1048576K
}
Event: 2246.160 {metaspace After GC invocations=2253 (full 7):
 Metaspace       used 95556K, committed 97216K, reserved 1179648K
  class space    used 8140K, committed 8960K, reserved 1048576K
}
Event: 2246.204 {metaspace Before GC invocations=2254 (full 7):
 Metaspace       used 95556K, committed 97216K, reserved 1179648K
  class space    used 8140K, committed 8960K, reserved 1048576K
}
Event: 2246.206 {metaspace After GC invocations=2254 (full 7):
 Metaspace       used 95556K, committed 97216K, reserved 1179648K
  class space    used 8140K, committed 8960K, reserved 1048576K
}
Event: 2250.213 {metaspace Before GC invocations=2255 (full 7):
 Metaspace       used 95556K, committed 97216K, reserved 1179648K
  class space    used 8140K, committed 8960K, reserved 1048576K
}
Event: 2250.215 {metaspace After GC invocations=2255 (full 7):
 Metaspace       used 95556K, committed 97216K, reserved 1179648K
  class space    used 8140K, committed 8960K, reserved 1048576K
}
Event: 2250.399 {metaspace Before GC invocations=2256 (full 7):
 Metaspace       used 95557K, committed 97216K, reserved 1179648K
  class space    used 8140K, committed 8960K, reserved 1048576K
}
Event: 2250.403 {metaspace After GC invocations=2256 (full 7):
 Metaspace       used 95557K, committed 97216K, reserved 1179648K
  class space    used 8140K, committed 8960K, reserved 1048576K
}
Event: 2250.482 {metaspace Before GC invocations=2257 (full 7):
 Metaspace       used 95557K, committed 97216K, reserved 1179648K
  class space    used 8140K, committed 8960K, reserved 1048576K
}
Event: 2250.485 {metaspace After GC invocations=2257 (full 7):
 Metaspace       used 95557K, committed 97216K, reserved 1179648K
  class space    used 8140K, committed 8960K, reserved 1048576K
}
Event: 2250.837 {metaspace Before GC invocations=2258 (full 7):
 Metaspace       used 95557K, committed 97216K, reserved 1179648K
  class space    used 8140K, committed 8960K, reserved 1048576K
}
Event: 2250.840 {metaspace After GC invocations=2258 (full 7):
 Metaspace       used 95557K, committed 97216K, reserved 1179648K
  class space    used 8140K, committed 8960K, reserved 1048576K
}
Event: 2263.863 {metaspace Before GC invocations=2259 (full 7):
 Metaspace       used 95576K, committed 97216K, reserved 1179648K
  class space    used 8144K, committed 8960K, reserved 1048576K
}
Event: 2263.867 {metaspace After GC invocations=2259 (full 7):
 Metaspace       used 95576K, committed 97216K, reserved 1179648K
  class space    used 8144K, committed 8960K, reserved 1048576K
}
Event: 2264.122 {metaspace Before GC invocations=2260 (full 7):
 Metaspace       used 95752K, committed 97408K, reserved 1179648K
  class space    used 8167K, committed 8960K, reserved 1048576K
}
Event: 2264.132 {metaspace After GC invocations=2260 (full 7):
 Metaspace       used 95752K, committed 97408K, reserved 1179648K
  class space    used 8167K, committed 8960K, reserved 1048576K
}
Event: 2264.948 {metaspace Before GC invocations=2261 (full 7):
 Metaspace       used 96385K, committed 98176K, reserved 1179648K
  class space    used 8281K, committed 9088K, reserved 1048576K
}
Event: 2264.950 {metaspace After GC invocations=2261 (full 7):
 Metaspace       used 96385K, committed 98176K, reserved 1179648K
  class space    used 8281K, committed 9088K, reserved 1048576K
}

